2016-03-09 19:46:41.637+0000 INFO  [o.n.k.i.f.CommunityFacadeFactory] No locking implementation specified, defaulting to 'community'
2016-03-09 19:46:41.740+0000 INFO  [o.n.k.i.DiagnosticsManager] --- INITIALIZED diagnostics START ---
2016-03-09 19:46:41.740+0000 INFO  [o.n.k.i.DiagnosticsManager] Neo4j Kernel properties:
2016-03-09 19:46:41.740+0000 INFO  [o.n.k.i.DiagnosticsManager] org.neo4j.server.db.tuning.properties=/Users/ian/Desktop/project-repo/constituencies.graphdb/neo4j.properties
2016-03-09 19:46:41.740+0000 INFO  [o.n.k.i.DiagnosticsManager] org.neo4j.server.database.location=/Users/ian/Desktop/project-repo/constituencies.graphdb
2016-03-09 19:46:41.740+0000 INFO  [o.n.k.i.DiagnosticsManager] org.neo4j.server.webserver.port=7474
2016-03-09 19:46:41.740+0000 INFO  [o.n.k.i.DiagnosticsManager] dbms.querylog.filename=data/log/queries.log
2016-03-09 19:46:41.741+0000 INFO  [o.n.k.i.DiagnosticsManager] dbms.security.auth_store.location=/Users/ian/Desktop/project-repo/constituencies.graphdb/./dbms/auth
2016-03-09 19:46:41.741+0000 INFO  [o.n.k.i.DiagnosticsManager] org.neo4j.server.http.log.enabled=false
2016-03-09 19:46:41.741+0000 INFO  [o.n.k.i.DiagnosticsManager] dbms.security.tls_certificate_file=/Users/ian/Desktop/project-repo/constituencies.graphdb/./dbms/ssl/snakeoil.cert
2016-03-09 19:46:41.741+0000 INFO  [o.n.k.i.DiagnosticsManager] org.neo4j.server.webserver.https.port=7473
2016-03-09 19:46:41.741+0000 INFO  [o.n.k.i.DiagnosticsManager] remote_shell_enabled=true
2016-03-09 19:46:41.741+0000 INFO  [o.n.k.i.DiagnosticsManager] edition=Community
2016-03-09 19:46:41.741+0000 INFO  [o.n.k.i.DiagnosticsManager] dbms.security.tls_key_file=/Users/ian/Desktop/project-repo/constituencies.graphdb/./dbms/ssl/snakeoil.key
2016-03-09 19:46:41.741+0000 INFO  [o.n.k.i.DiagnosticsManager] dbms.security.auth_enabled=true
2016-03-09 19:46:41.741+0000 INFO  [o.n.k.i.DiagnosticsManager] Diagnostics providers:
2016-03-09 19:46:41.741+0000 INFO  [o.n.k.i.DiagnosticsManager] org.neo4j.kernel.configuration.Config
2016-03-09 19:46:41.741+0000 INFO  [o.n.k.i.DiagnosticsManager] org.neo4j.kernel.info.DiagnosticsManager
2016-03-09 19:46:41.741+0000 INFO  [o.n.k.i.DiagnosticsManager] SYSTEM_MEMORY
2016-03-09 19:46:41.741+0000 INFO  [o.n.k.i.DiagnosticsManager] JAVA_MEMORY
2016-03-09 19:46:41.741+0000 INFO  [o.n.k.i.DiagnosticsManager] OPERATING_SYSTEM
2016-03-09 19:46:41.742+0000 INFO  [o.n.k.i.DiagnosticsManager] JAVA_VIRTUAL_MACHINE
2016-03-09 19:46:41.742+0000 INFO  [o.n.k.i.DiagnosticsManager] CLASSPATH
2016-03-09 19:46:41.742+0000 INFO  [o.n.k.i.DiagnosticsManager] LIBRARY_PATH
2016-03-09 19:46:41.742+0000 INFO  [o.n.k.i.DiagnosticsManager] SYSTEM_PROPERTIES
2016-03-09 19:46:41.742+0000 INFO  [o.n.k.i.DiagnosticsManager] NETWORK
2016-03-09 19:46:41.742+0000 INFO  [o.n.k.i.DiagnosticsManager] System memory information:
2016-03-09 19:46:41.744+0000 INFO  [o.n.k.i.DiagnosticsManager] Total Physical memory: 16.00 GB
2016-03-09 19:46:41.745+0000 INFO  [o.n.k.i.DiagnosticsManager] Free Physical memory: 10.44 GB
2016-03-09 19:46:41.747+0000 INFO  [o.n.k.i.DiagnosticsManager] Committed virtual memory: 6.97 GB
2016-03-09 19:46:41.748+0000 INFO  [o.n.k.i.DiagnosticsManager] Total swap space: 0.00 B
2016-03-09 19:46:41.749+0000 INFO  [o.n.k.i.DiagnosticsManager] Free swap space: 0.00 B
2016-03-09 19:46:41.749+0000 INFO  [o.n.k.i.DiagnosticsManager] JVM memory information:
2016-03-09 19:46:41.749+0000 INFO  [o.n.k.i.DiagnosticsManager] Free  memory: 172.75 MB
2016-03-09 19:46:41.750+0000 INFO  [o.n.k.i.DiagnosticsManager] Total memory: 245.50 MB
2016-03-09 19:46:41.750+0000 INFO  [o.n.k.i.DiagnosticsManager] Max   memory: 3.56 GB
2016-03-09 19:46:41.756+0000 INFO  [o.n.k.i.DiagnosticsManager] Garbage Collector: PS Scavenge: [PS Eden Space, PS Survivor Space]
2016-03-09 19:46:41.756+0000 INFO  [o.n.k.i.DiagnosticsManager] Garbage Collector: PS MarkSweep: [PS Eden Space, PS Survivor Space, PS Old Gen, PS Perm Gen]
2016-03-09 19:46:41.759+0000 INFO  [o.n.k.i.DiagnosticsManager] Memory Pool: Code Cache (Non-heap memory): committed=2.44 MB, used=970.38 kB, max=48.00 MB, threshold=0.00 B
2016-03-09 19:46:41.759+0000 INFO  [o.n.k.i.DiagnosticsManager] Memory Pool: PS Eden Space (Heap memory): committed=64.50 MB, used=43.40 MB, max=1.31 GB, threshold=?
2016-03-09 19:46:41.760+0000 INFO  [o.n.k.i.DiagnosticsManager] Memory Pool: PS Survivor Space (Heap memory): committed=10.50 MB, used=10.48 MB, max=10.50 MB, threshold=?
2016-03-09 19:46:41.760+0000 INFO  [o.n.k.i.DiagnosticsManager] Memory Pool: PS Old Gen (Heap memory): committed=170.50 MB, used=18.87 MB, max=2.67 GB, threshold=0.00 B
2016-03-09 19:46:41.761+0000 INFO  [o.n.k.i.DiagnosticsManager] Memory Pool: PS Perm Gen (Non-heap memory): committed=21.00 MB, used=20.14 MB, max=82.00 MB, threshold=0.00 B
2016-03-09 19:46:41.761+0000 INFO  [o.n.k.i.DiagnosticsManager] Operating system information:
2016-03-09 19:46:41.763+0000 INFO  [o.n.k.i.DiagnosticsManager] Operating System: Mac OS X; version: 10.11.4; arch: x86_64; cpus: 4
2016-03-09 19:46:41.765+0000 INFO  [o.n.k.i.DiagnosticsManager] Max number of file descriptors: 10240
2016-03-09 19:46:41.766+0000 INFO  [o.n.k.i.DiagnosticsManager] Number of open file descriptors: 42
2016-03-09 19:46:41.778+0000 INFO  [o.n.k.i.DiagnosticsManager] Process id: 749@ianmbp.local
2016-03-09 19:46:41.778+0000 INFO  [o.n.k.i.DiagnosticsManager] Byte order: LITTLE_ENDIAN
2016-03-09 19:46:41.779+0000 INFO  [o.n.k.i.DiagnosticsManager] Local timezone: Europe/Dublin
2016-03-09 19:46:41.779+0000 INFO  [o.n.k.i.DiagnosticsManager] JVM information:
2016-03-09 19:46:41.779+0000 INFO  [o.n.k.i.DiagnosticsManager] VM Name: Java HotSpot(TM) 64-Bit Server VM
2016-03-09 19:46:41.779+0000 INFO  [o.n.k.i.DiagnosticsManager] VM Vendor: Oracle Corporation
2016-03-09 19:46:41.779+0000 INFO  [o.n.k.i.DiagnosticsManager] VM Version: 24.80-b11
2016-03-09 19:46:41.779+0000 INFO  [o.n.k.i.DiagnosticsManager] JIT compiler: HotSpot 64-Bit Tiered Compilers
2016-03-09 19:46:41.781+0000 INFO  [o.n.k.i.DiagnosticsManager] VM Arguments: [-Dfile.encoding=UTF-8, -Dinstall4j.launcherId=24, -Dinstall4j.swt=false, -Dexe4j.moduleName=/Applications/Neo4j Community Edition.app, -Di4j.ownBundlePath=/Applications/Neo4j Community Edition.app, -Di4j.jreBundle=/Applications/Neo4j Community Edition.app/Contents/Resources/jre.bundle]
2016-03-09 19:46:41.781+0000 INFO  [o.n.k.i.DiagnosticsManager] Java classpath:
2016-03-09 19:46:41.782+0000 INFO  [o.n.k.i.DiagnosticsManager]  [loader.1] file:/Applications/Neo4j%20Community%20Edition.app/Contents/Resources/jre.bundle/Contents/Home/jre/lib/ext/localedata.jar
2016-03-09 19:46:41.782+0000 INFO  [o.n.k.i.DiagnosticsManager]  [bootstrap] /Applications/Neo4j Community Edition.app/Contents/Resources/jre.bundle/Contents/Home/jre/lib/sunrsasign.jar
2016-03-09 19:46:41.782+0000 INFO  [o.n.k.i.DiagnosticsManager]  [bootstrap] /Applications/Neo4j Community Edition.app/Contents/Resources/jre.bundle/Contents/Home/jre/lib/jce.jar
2016-03-09 19:46:41.782+0000 INFO  [o.n.k.i.DiagnosticsManager]  [loader.0] file:/Applications/Neo4j%20Community%20Edition.app/Contents/Resources/app/.install4j/i4jruntime.jar
2016-03-09 19:46:41.782+0000 INFO  [o.n.k.i.DiagnosticsManager]  [bootstrap] /Applications/Neo4j Community Edition.app/Contents/Resources/jre.bundle/Contents/Home/jre/lib/rt.jar
2016-03-09 19:46:41.782+0000 INFO  [o.n.k.i.DiagnosticsManager]  [loader.0] file:/Applications/Neo4j%20Community%20Edition.app/Contents/Resources/app/bin/neo4j-desktop-2.3.0.jar
2016-03-09 19:46:41.782+0000 INFO  [o.n.k.i.DiagnosticsManager]  [loader.1] file:/System/Library/Java/Extensions/MRJToolkit.jar
2016-03-09 19:46:41.782+0000 INFO  [o.n.k.i.DiagnosticsManager]  [loader.1] file:/Applications/Neo4j%20Community%20Edition.app/Contents/Resources/jre.bundle/Contents/Home/jre/lib/ext/sunjce_provider.jar
2016-03-09 19:46:41.782+0000 INFO  [o.n.k.i.DiagnosticsManager]  [loader.1] file:/Applications/Neo4j%20Community%20Edition.app/Contents/Resources/jre.bundle/Contents/Home/jre/lib/ext/dnsns.jar
2016-03-09 19:46:41.782+0000 INFO  [o.n.k.i.DiagnosticsManager]  [loader.1] file:/Applications/Neo4j%20Community%20Edition.app/Contents/Resources/jre.bundle/Contents/Home/jre/lib/ext/sunec.jar
2016-03-09 19:46:41.782+0000 INFO  [o.n.k.i.DiagnosticsManager]  [loader.1] file:/Applications/Neo4j%20Community%20Edition.app/Contents/Resources/jre.bundle/Contents/Home/jre/lib/ext/zipfs.jar
2016-03-09 19:46:41.782+0000 INFO  [o.n.k.i.DiagnosticsManager]  [loader.1] file:/Applications/Neo4j%20Community%20Edition.app/Contents/Resources/jre.bundle/Contents/Home/jre/lib/ext/sunpkcs11.jar
2016-03-09 19:46:41.782+0000 INFO  [o.n.k.i.DiagnosticsManager]  [classpath] /Applications/Neo4j Community Edition.app/Contents/Resources/app/.install4j/i4jruntime.jar
2016-03-09 19:46:41.782+0000 INFO  [o.n.k.i.DiagnosticsManager]  [bootstrap] /Applications/Neo4j Community Edition.app/Contents/Resources/jre.bundle/Contents/Home/jre/classes
2016-03-09 19:46:41.782+0000 INFO  [o.n.k.i.DiagnosticsManager]  [bootstrap] /Applications/Neo4j Community Edition.app/Contents/Resources/jre.bundle/Contents/Home/jre/lib/jsse.jar
2016-03-09 19:46:41.782+0000 INFO  [o.n.k.i.DiagnosticsManager]  [bootstrap] /Applications/Neo4j Community Edition.app/Contents/Resources/jre.bundle/Contents/Home/jre/lib/charsets.jar
2016-03-09 19:46:41.783+0000 INFO  [o.n.k.i.DiagnosticsManager]  [classpath] /Applications/Neo4j Community Edition.app/Contents/Resources/app/bin/neo4j-desktop-2.3.0.jar
2016-03-09 19:46:41.783+0000 INFO  [o.n.k.i.DiagnosticsManager]  [bootstrap] /Applications/Neo4j Community Edition.app/Contents/Resources/jre.bundle/Contents/Home/jre/lib/resources.jar
2016-03-09 19:46:41.783+0000 INFO  [o.n.k.i.DiagnosticsManager]  [bootstrap] /Applications/Neo4j Community Edition.app/Contents/Resources/jre.bundle/Contents/Home/jre/lib/jfr.jar
2016-03-09 19:46:41.783+0000 INFO  [o.n.k.i.DiagnosticsManager] Library path:
2016-03-09 19:46:41.783+0000 INFO  [o.n.k.i.DiagnosticsManager] /Users/ian/Library/Java/Extensions
2016-03-09 19:46:41.783+0000 INFO  [o.n.k.i.DiagnosticsManager] /Library/Java/Extensions
2016-03-09 19:46:41.783+0000 INFO  [o.n.k.i.DiagnosticsManager] /Network/Library/Java/Extensions
2016-03-09 19:46:41.783+0000 INFO  [o.n.k.i.DiagnosticsManager] /System/Library/Java/Extensions
2016-03-09 19:46:41.783+0000 INFO  [o.n.k.i.DiagnosticsManager] /usr/lib/java
2016-03-09 19:46:41.783+0000 INFO  [o.n.k.i.DiagnosticsManager] /Applications/Neo4j Community Edition.app/Contents/Resources/app/bin
2016-03-09 19:46:41.783+0000 INFO  [o.n.k.i.DiagnosticsManager] System.properties:
2016-03-09 19:46:41.783+0000 INFO  [o.n.k.i.DiagnosticsManager] exe4j.moduleName = /Applications/Neo4j Community Edition.app
2016-03-09 19:46:41.783+0000 INFO  [o.n.k.i.DiagnosticsManager] sun.boot.library.path = /Applications/Neo4j Community Edition.app/Contents/Resources/jre.bundle/Contents/Home/jre/lib
2016-03-09 19:46:41.783+0000 INFO  [o.n.k.i.DiagnosticsManager] user.country.format = IE
2016-03-09 19:46:41.783+0000 INFO  [o.n.k.i.DiagnosticsManager] i4j.jreBundle = /Applications/Neo4j Community Edition.app/Contents/Resources/jre.bundle
2016-03-09 19:46:41.784+0000 INFO  [o.n.k.i.DiagnosticsManager] gopherProxySet = false
2016-03-09 19:46:41.784+0000 INFO  [o.n.k.i.DiagnosticsManager] path.separator = :
2016-03-09 19:46:41.784+0000 INFO  [o.n.k.i.DiagnosticsManager] file.encoding.pkg = sun.io
2016-03-09 19:46:41.784+0000 INFO  [o.n.k.i.DiagnosticsManager] user.country = US
2016-03-09 19:46:41.784+0000 INFO  [o.n.k.i.DiagnosticsManager] sun.java.launcher = SUN_STANDARD
2016-03-09 19:46:41.784+0000 INFO  [o.n.k.i.DiagnosticsManager] sun.os.patch.level = unknown
2016-03-09 19:46:41.784+0000 INFO  [o.n.k.i.DiagnosticsManager] install4j.exeDir = /Applications/
2016-03-09 19:46:41.784+0000 INFO  [o.n.k.i.DiagnosticsManager] user.dir = /Applications/Neo4j Community Edition.app/Contents/Resources/app/bin
2016-03-09 19:46:41.784+0000 INFO  [o.n.k.i.DiagnosticsManager] neo4j.ext.udc.source = desktop
2016-03-09 19:46:41.784+0000 INFO  [o.n.k.i.DiagnosticsManager] i4j.ownBundlePath = /Applications/Neo4j Community Edition.app
2016-03-09 19:46:41.784+0000 INFO  [o.n.k.i.DiagnosticsManager] sun.jnu.encoding = UTF-8
2016-03-09 19:46:41.784+0000 INFO  [o.n.k.i.DiagnosticsManager] sun.awt.enableExtraMouseButtons = true
2016-03-09 19:46:41.784+0000 INFO  [o.n.k.i.DiagnosticsManager] install4j.launcherId = 24
2016-03-09 19:46:41.784+0000 INFO  [o.n.k.i.DiagnosticsManager] sun.management.compiler = HotSpot 64-Bit Tiered Compilers
2016-03-09 19:46:41.784+0000 INFO  [o.n.k.i.DiagnosticsManager] install4j.swt = false
2016-03-09 19:46:41.784+0000 INFO  [o.n.k.i.DiagnosticsManager] apple.awt.fileDialogForDirectories = false
2016-03-09 19:46:41.784+0000 INFO  [o.n.k.i.DiagnosticsManager] http.nonProxyHosts = local|*.local|169.254/16|*.169.254/16
2016-03-09 19:46:41.784+0000 INFO  [o.n.k.i.DiagnosticsManager] user.home = /Users/ian
2016-03-09 19:46:41.784+0000 INFO  [o.n.k.i.DiagnosticsManager] user.timezone = Europe/Dublin
2016-03-09 19:46:41.784+0000 INFO  [o.n.k.i.DiagnosticsManager] file.encoding = UTF-8
2016-03-09 19:46:41.785+0000 INFO  [o.n.k.i.DiagnosticsManager] user.name = ian
2016-03-09 19:46:41.785+0000 INFO  [o.n.k.i.DiagnosticsManager] sun.java.command = com.install4j.runtime.launcher.MacLauncher
2016-03-09 19:46:41.785+0000 INFO  [o.n.k.i.DiagnosticsManager] sun.arch.data.model = 64
2016-03-09 19:46:41.785+0000 INFO  [o.n.k.i.DiagnosticsManager] user.language = en
2016-03-09 19:46:41.785+0000 INFO  [o.n.k.i.DiagnosticsManager] awt.toolkit = sun.lwawt.macosx.LWCToolkit
2016-03-09 19:46:41.785+0000 INFO  [o.n.k.i.DiagnosticsManager] install4j.appDir = /Applications/Neo4j Community Edition.app/Contents/Resources/app/
2016-03-09 19:46:41.785+0000 INFO  [o.n.k.i.DiagnosticsManager] file.separator = /
2016-03-09 19:46:41.785+0000 INFO  [o.n.k.i.DiagnosticsManager] sun.font.fontmanager = sun.font.CFontManager
2016-03-09 19:46:41.785+0000 INFO  [o.n.k.i.DiagnosticsManager] sun.io.unicode.encoding = UnicodeBig
2016-03-09 19:46:41.785+0000 INFO  [o.n.k.i.DiagnosticsManager] sun.cpu.endian = little
2016-03-09 19:46:41.785+0000 INFO  [o.n.k.i.DiagnosticsManager] socksNonProxyHosts = local|*.local|169.254/16|*.169.254/16
2016-03-09 19:46:41.785+0000 INFO  [o.n.k.i.DiagnosticsManager] ftp.nonProxyHosts = local|*.local|169.254/16|*.169.254/16
2016-03-09 19:46:41.785+0000 INFO  [o.n.k.i.DiagnosticsManager] sun.cpu.isalist = 
2016-03-09 19:46:41.785+0000 INFO  [o.n.k.i.DiagnosticsManager] Network information:
2016-03-09 19:46:41.793+0000 INFO  [o.n.k.i.DiagnosticsManager] Interface awdl0:
2016-03-09 19:46:41.794+0000 INFO  [o.n.k.i.DiagnosticsManager]     address: fe80:0:0:0:c8b1:edff:fe66:2000%8
2016-03-09 19:46:41.794+0000 INFO  [o.n.k.i.DiagnosticsManager] Interface en0:
2016-03-09 19:46:41.794+0000 INFO  [o.n.k.i.DiagnosticsManager]     address: fe80:0:0:0:a299:9bff:fe0b:5d15%4
2016-03-09 19:46:41.795+0000 INFO  [o.n.k.i.DiagnosticsManager]     address: 192.168.1.56
2016-03-09 19:46:41.795+0000 INFO  [o.n.k.i.DiagnosticsManager] Interface lo0:
2016-03-09 19:46:41.795+0000 INFO  [o.n.k.i.DiagnosticsManager]     address: fe80:0:0:0:0:0:0:1%1
2016-03-09 19:46:41.795+0000 INFO  [o.n.k.i.DiagnosticsManager]     address: 0:0:0:0:0:0:0:1
2016-03-09 19:46:41.795+0000 INFO  [o.n.k.i.DiagnosticsManager]     address: 127.0.0.1
2016-03-09 19:46:41.795+0000 INFO  [o.n.k.i.DiagnosticsManager] --- INITIALIZED diagnostics END ---
2016-03-09 19:46:42.245+0000 INFO  [o.n.k.a.i.i.LuceneLabelScanStore] No lucene scan store index found, this might just be first use. Preparing to rebuild.
2016-03-09 19:46:42.326+0000 INFO  [o.n.k.NeoStoreDataSource] Opened logical log [/Users/ian/Desktop/project-repo/constituencies.graphdb/neostore.transaction.db.0] version=0, lastTxId=1 (clean)
2016-03-09 19:46:42.332+0000 WARN  [o.n.k.i.s.MetaDataStore] Missing counts store, rebuilding it.
2016-03-09 19:46:42.432+0000 INFO  [o.n.k.a.i.i.LuceneLabelScanStore] Rebuilding lucene scan store, this may take a while
2016-03-09 19:46:42.499+0000 INFO  [o.n.k.a.i.i.LuceneLabelScanStore] Lucene scan store rebuilt (roughly -1 nodes)
2016-03-09 19:46:42.505+0000 INFO  [o.n.k.KernelHealth] Kernel health set to OK
2016-03-09 19:46:43.412+0000 INFO  [o.n.k.i.f.CommunityFacadeFactory] Database is now ready
2016-03-09 19:46:43.414+0000 INFO  [o.n.k.i.DiagnosticsManager] --- STARTED diagnostics for KernelDiagnostics:Versions START ---
2016-03-09 19:46:43.414+0000 INFO  [o.n.k.i.DiagnosticsManager] Graph Database: Community StoreId{creationTime=1457552802092, randomId=1977946274690558294, storeVersion=15250506225055238, upgradeTime=1457552802092, upgradeId=1}
2016-03-09 19:46:43.414+0000 INFO  [o.n.k.i.DiagnosticsManager] Kernel version: 2.3.0
2016-03-09 19:46:43.414+0000 INFO  [o.n.k.i.DiagnosticsManager] --- STARTED diagnostics for KernelDiagnostics:Versions END ---
2016-03-09 19:46:43.417+0000 INFO  [o.n.k.i.DiagnosticsManager] --- STARTED diagnostics for NEO_STORE_VERSIONS START ---
2016-03-09 19:46:43.417+0000 INFO  [o.n.k.i.DiagnosticsManager] Store versions:
2016-03-09 19:46:43.417+0000 INFO  [o.n.k.i.DiagnosticsManager] Store versions:
2016-03-09 19:46:43.417+0000 INFO  [o.n.k.i.DiagnosticsManager] ArrayPropertyStore v0.A.6
2016-03-09 19:46:43.418+0000 INFO  [o.n.k.i.DiagnosticsManager] NodeStore v0.A.6
2016-03-09 19:46:43.418+0000 INFO  [o.n.k.i.DiagnosticsManager] StringPropertyStore v0.A.6
2016-03-09 19:46:43.418+0000 INFO  [o.n.k.i.DiagnosticsManager] PropertyIndexStore v0.A.6
2016-03-09 19:46:43.418+0000 INFO  [o.n.k.i.DiagnosticsManager] StringPropertyStore v0.A.6
2016-03-09 19:46:43.418+0000 INFO  [o.n.k.i.DiagnosticsManager] ArrayPropertyStore v0.A.6
2016-03-09 19:46:43.418+0000 INFO  [o.n.k.i.DiagnosticsManager] PropertyStore v0.A.6
2016-03-09 19:46:43.418+0000 INFO  [o.n.k.i.DiagnosticsManager] RelationshipStore v0.A.6
2016-03-09 19:46:43.418+0000 INFO  [o.n.k.i.DiagnosticsManager] StringPropertyStore v0.A.6
2016-03-09 19:46:43.418+0000 INFO  [o.n.k.i.DiagnosticsManager] RelationshipTypeStore v0.A.6
2016-03-09 19:46:43.418+0000 INFO  [o.n.k.i.DiagnosticsManager] StringPropertyStore v0.A.6
2016-03-09 19:46:43.418+0000 INFO  [o.n.k.i.DiagnosticsManager] LabelTokenStore v0.A.6
2016-03-09 19:46:43.419+0000 INFO  [o.n.k.i.DiagnosticsManager] SchemaStore v0.A.6
2016-03-09 19:46:43.419+0000 INFO  [o.n.k.i.DiagnosticsManager] RelationshipGroupStore v0.A.6
2016-03-09 19:46:43.419+0000 INFO  [o.n.k.i.DiagnosticsManager] NeoStore v0.A.6
2016-03-09 19:46:43.419+0000 INFO  [o.n.k.i.DiagnosticsManager] --- STARTED diagnostics for NEO_STORE_VERSIONS END ---
2016-03-09 19:46:43.419+0000 INFO  [o.n.k.i.DiagnosticsManager] --- STARTED diagnostics for NEO_STORE_ID_USAGE START ---
2016-03-09 19:46:43.419+0000 INFO  [o.n.k.i.DiagnosticsManager] Id usage:
2016-03-09 19:46:43.419+0000 INFO  [o.n.k.i.DiagnosticsManager] Id usage:
2016-03-09 19:46:43.419+0000 INFO  [o.n.k.i.DiagnosticsManager]   ArrayPropertyStore v0.A.6: used=1 high=0
2016-03-09 19:46:43.420+0000 INFO  [o.n.k.i.DiagnosticsManager]   NodeStore v0.A.6: used=0 high=-1
2016-03-09 19:46:43.420+0000 INFO  [o.n.k.i.DiagnosticsManager]   StringPropertyStore v0.A.6: used=1 high=0
2016-03-09 19:46:43.420+0000 INFO  [o.n.k.i.DiagnosticsManager]   PropertyIndexStore v0.A.6: used=0 high=-1
2016-03-09 19:46:43.420+0000 INFO  [o.n.k.i.DiagnosticsManager]   StringPropertyStore v0.A.6: used=1 high=0
2016-03-09 19:46:43.420+0000 INFO  [o.n.k.i.DiagnosticsManager]   ArrayPropertyStore v0.A.6: used=1 high=0
2016-03-09 19:46:43.421+0000 INFO  [o.n.k.i.DiagnosticsManager]   PropertyStore v0.A.6: used=0 high=-1
2016-03-09 19:46:43.421+0000 INFO  [o.n.k.i.DiagnosticsManager]   RelationshipStore v0.A.6: used=0 high=-1
2016-03-09 19:46:43.421+0000 INFO  [o.n.k.i.DiagnosticsManager]   StringPropertyStore v0.A.6: used=1 high=0
2016-03-09 19:46:43.421+0000 INFO  [o.n.k.i.DiagnosticsManager]   RelationshipTypeStore v0.A.6: used=0 high=-1
2016-03-09 19:46:43.421+0000 INFO  [o.n.k.i.DiagnosticsManager]   StringPropertyStore v0.A.6: used=1 high=0
2016-03-09 19:46:43.422+0000 INFO  [o.n.k.i.DiagnosticsManager]   LabelTokenStore v0.A.6: used=0 high=-1
2016-03-09 19:46:43.422+0000 INFO  [o.n.k.i.DiagnosticsManager]   SchemaStore v0.A.6: used=1 high=0
2016-03-09 19:46:43.422+0000 INFO  [o.n.k.i.DiagnosticsManager]   RelationshipGroupStore v0.A.6: used=1 high=0
2016-03-09 19:46:43.422+0000 INFO  [o.n.k.i.DiagnosticsManager]   NeoStore v0.A.6: used=13 high=12
2016-03-09 19:46:43.422+0000 INFO  [o.n.k.i.DiagnosticsManager] --- STARTED diagnostics for NEO_STORE_ID_USAGE END ---
2016-03-09 19:46:43.422+0000 INFO  [o.n.k.i.DiagnosticsManager] --- STARTED diagnostics for NEO_STORE_RECORDS START ---
2016-03-09 19:46:43.423+0000 INFO  [o.n.k.i.DiagnosticsManager] Neostore records:
2016-03-09 19:46:43.423+0000 INFO  [o.n.k.i.DiagnosticsManager] TIME (Creation time): 1457552802092
2016-03-09 19:46:43.423+0000 INFO  [o.n.k.i.DiagnosticsManager] RANDOM_NUMBER (Random number for store id): 1977946274690558294
2016-03-09 19:46:43.423+0000 INFO  [o.n.k.i.DiagnosticsManager] LOG_VERSION (Current log version): 0
2016-03-09 19:46:43.423+0000 INFO  [o.n.k.i.DiagnosticsManager] LAST_TRANSACTION_ID (Last committed transaction): 1
2016-03-09 19:46:43.423+0000 INFO  [o.n.k.i.DiagnosticsManager] STORE_VERSION (Store format version): 15250506225055238
2016-03-09 19:46:43.423+0000 INFO  [o.n.k.i.DiagnosticsManager] FIRST_GRAPH_PROPERTY (First property record containing graph properties): -1
2016-03-09 19:46:43.423+0000 INFO  [o.n.k.i.DiagnosticsManager] LAST_CONSTRAINT_TRANSACTION (Last committed transaction containing constraint changes): 0
2016-03-09 19:46:43.424+0000 INFO  [o.n.k.i.DiagnosticsManager] UPGRADE_TRANSACTION_ID (Transaction id most recent upgrade was performed at): 1
2016-03-09 19:46:43.424+0000 INFO  [o.n.k.i.DiagnosticsManager] UPGRADE_TIME (Time of last upgrade): 1457552802092
2016-03-09 19:46:43.424+0000 INFO  [o.n.k.i.DiagnosticsManager] LAST_TRANSACTION_CHECKSUM (Checksum of last committed transaction): 0
2016-03-09 19:46:43.424+0000 INFO  [o.n.k.i.DiagnosticsManager] UPGRADE_TRANSACTION_CHECKSUM (Checksum of transaction id the most recent upgrade was performed at): 0
2016-03-09 19:46:43.424+0000 INFO  [o.n.k.i.DiagnosticsManager] LAST_CLOSED_TRANSACTION_LOG_VERSION (Log version where the last transaction commit entry has been written into): 0
2016-03-09 19:46:43.424+0000 INFO  [o.n.k.i.DiagnosticsManager] LAST_CLOSED_TRANSACTION_LOG_BYTE_OFFSET (Byte offset in the log file where the last transaction commit entry has been written into): 16
2016-03-09 19:46:43.424+0000 INFO  [o.n.k.i.DiagnosticsManager] --- STARTED diagnostics for NEO_STORE_RECORDS END ---
2016-03-09 19:46:43.424+0000 INFO  [o.n.k.i.DiagnosticsManager] --- STARTED diagnostics for TRANSACTION_RANGE START ---
2016-03-09 19:46:43.424+0000 INFO  [o.n.k.i.DiagnosticsManager] Transaction log:
2016-03-09 19:46:43.425+0000 INFO  [o.n.k.i.DiagnosticsManager] No transactions found in any log
2016-03-09 19:46:43.425+0000 INFO  [o.n.k.i.DiagnosticsManager] --- STARTED diagnostics for TRANSACTION_RANGE END ---
2016-03-09 19:46:43.425+0000 INFO  [o.n.k.i.DiagnosticsManager] --- STARTED diagnostics for KernelDiagnostics:StoreFiles START ---
2016-03-09 19:46:43.425+0000 INFO  [o.n.k.i.DiagnosticsManager] Disk space on partition (Total / Free / Free %): 120108089344 / 10411618304 / 8
Storage files: (filename : modification date - size)
2016-03-09 19:46:43.426+0000 INFO  [o.n.k.i.DiagnosticsManager]   dbms:
2016-03-09 19:46:43.426+0000 INFO  [o.n.k.i.DiagnosticsManager]     ssl:
2016-03-09 19:46:43.427+0000 INFO  [o.n.k.i.DiagnosticsManager]       snakeoil.cert: 2016-03-09T19:46:41+0000 - 630.00 B
2016-03-09 19:46:43.427+0000 INFO  [o.n.k.i.DiagnosticsManager]       snakeoil.key: 2016-03-09T19:46:41+0000 - 914.00 B
2016-03-09 19:46:43.427+0000 INFO  [o.n.k.i.DiagnosticsManager]     - Total: 2016-03-09T19:46:41+0000 - 1.51 kB
2016-03-09 19:46:43.428+0000 INFO  [o.n.k.i.DiagnosticsManager]   - Total: 2016-03-09T19:46:41+0000 - 1.51 kB
2016-03-09 19:46:43.428+0000 INFO  [o.n.k.i.DiagnosticsManager]   index:
2016-03-09 19:46:43.428+0000 INFO  [o.n.k.i.DiagnosticsManager]   - Total: 2016-03-09T19:46:42+0000 - 0.00 B
2016-03-09 19:46:43.428+0000 INFO  [o.n.k.i.DiagnosticsManager]   messages.log: 2016-03-09T19:46:43+0000 - 23.74 kB
2016-03-09 19:46:43.429+0000 INFO  [o.n.k.i.DiagnosticsManager]   neo4j.properties: 2016-03-09T19:46:40+0000 - 1.27 kB
2016-03-09 19:46:43.429+0000 INFO  [o.n.k.i.DiagnosticsManager]   neostore: 2016-03-09T19:46:42+0000 - 8.00 kB
2016-03-09 19:46:43.429+0000 INFO  [o.n.k.i.DiagnosticsManager]   neostore.counts.db.a: 2016-03-09T19:46:42+0000 - 96.00 B
2016-03-09 19:46:43.430+0000 INFO  [o.n.k.i.DiagnosticsManager]   neostore.id: 2016-03-09T19:46:42+0000 - 9.00 B
2016-03-09 19:46:43.430+0000 INFO  [o.n.k.i.DiagnosticsManager]   neostore.labeltokenstore.db: 2016-03-09T19:46:42+0000 - 0.00 B
2016-03-09 19:46:43.430+0000 INFO  [o.n.k.i.DiagnosticsManager]   neostore.labeltokenstore.db.id: 2016-03-09T19:46:42+0000 - 9.00 B
2016-03-09 19:46:43.431+0000 INFO  [o.n.k.i.DiagnosticsManager]   neostore.labeltokenstore.db.names: 2016-03-09T19:46:42+0000 - 8.00 kB
2016-03-09 19:46:43.431+0000 INFO  [o.n.k.i.DiagnosticsManager]   neostore.labeltokenstore.db.names.id: 2016-03-09T19:46:42+0000 - 9.00 B
2016-03-09 19:46:43.431+0000 INFO  [o.n.k.i.DiagnosticsManager]   neostore.nodestore.db: 2016-03-09T19:46:41+0000 - 0.00 B
2016-03-09 19:46:43.432+0000 INFO  [o.n.k.i.DiagnosticsManager]   neostore.nodestore.db.id: 2016-03-09T19:46:41+0000 - 9.00 B
2016-03-09 19:46:43.432+0000 INFO  [o.n.k.i.DiagnosticsManager]   neostore.nodestore.db.labels: 2016-03-09T19:46:41+0000 - 8.00 kB
2016-03-09 19:46:43.432+0000 INFO  [o.n.k.i.DiagnosticsManager]   neostore.nodestore.db.labels.id: 2016-03-09T19:46:41+0000 - 9.00 B
2016-03-09 19:46:43.432+0000 INFO  [o.n.k.i.DiagnosticsManager]   neostore.propertystore.db: 2016-03-09T19:46:42+0000 - 0.00 B
2016-03-09 19:46:43.433+0000 INFO  [o.n.k.i.DiagnosticsManager]   neostore.propertystore.db.arrays: 2016-03-09T19:46:42+0000 - 8.00 kB
2016-03-09 19:46:43.433+0000 INFO  [o.n.k.i.DiagnosticsManager]   neostore.propertystore.db.arrays.id: 2016-03-09T19:46:42+0000 - 9.00 B
2016-03-09 19:46:43.433+0000 INFO  [o.n.k.i.DiagnosticsManager]   neostore.propertystore.db.id: 2016-03-09T19:46:42+0000 - 9.00 B
2016-03-09 19:46:43.433+0000 INFO  [o.n.k.i.DiagnosticsManager]   neostore.propertystore.db.index: 2016-03-09T19:46:42+0000 - 0.00 B
2016-03-09 19:46:43.433+0000 INFO  [o.n.k.i.DiagnosticsManager]   neostore.propertystore.db.index.id: 2016-03-09T19:46:42+0000 - 9.00 B
2016-03-09 19:46:43.434+0000 INFO  [o.n.k.i.DiagnosticsManager]   neostore.propertystore.db.index.keys: 2016-03-09T19:46:42+0000 - 8.00 kB
2016-03-09 19:46:43.434+0000 INFO  [o.n.k.i.DiagnosticsManager]   neostore.propertystore.db.index.keys.id: 2016-03-09T19:46:42+0000 - 9.00 B
2016-03-09 19:46:43.434+0000 INFO  [o.n.k.i.DiagnosticsManager]   neostore.propertystore.db.strings: 2016-03-09T19:46:42+0000 - 8.00 kB
2016-03-09 19:46:43.434+0000 INFO  [o.n.k.i.DiagnosticsManager]   neostore.propertystore.db.strings.id: 2016-03-09T19:46:42+0000 - 9.00 B
2016-03-09 19:46:43.435+0000 INFO  [o.n.k.i.DiagnosticsManager]   neostore.relationshipgroupstore.db: 2016-03-09T19:46:42+0000 - 8.00 kB
2016-03-09 19:46:43.435+0000 INFO  [o.n.k.i.DiagnosticsManager]   neostore.relationshipgroupstore.db.id: 2016-03-09T19:46:42+0000 - 9.00 B
2016-03-09 19:46:43.435+0000 INFO  [o.n.k.i.DiagnosticsManager]   neostore.relationshipstore.db: 2016-03-09T19:46:42+0000 - 0.00 B
2016-03-09 19:46:43.436+0000 INFO  [o.n.k.i.DiagnosticsManager]   neostore.relationshipstore.db.id: 2016-03-09T19:46:42+0000 - 9.00 B
2016-03-09 19:46:43.436+0000 INFO  [o.n.k.i.DiagnosticsManager]   neostore.relationshiptypestore.db: 2016-03-09T19:46:42+0000 - 0.00 B
2016-03-09 19:46:43.436+0000 INFO  [o.n.k.i.DiagnosticsManager]   neostore.relationshiptypestore.db.id: 2016-03-09T19:46:42+0000 - 9.00 B
2016-03-09 19:46:43.437+0000 INFO  [o.n.k.i.DiagnosticsManager]   neostore.relationshiptypestore.db.names: 2016-03-09T19:46:42+0000 - 8.00 kB
2016-03-09 19:46:43.437+0000 INFO  [o.n.k.i.DiagnosticsManager]   neostore.relationshiptypestore.db.names.id: 2016-03-09T19:46:42+0000 - 9.00 B
2016-03-09 19:46:43.437+0000 INFO  [o.n.k.i.DiagnosticsManager]   neostore.schemastore.db: 2016-03-09T19:46:42+0000 - 8.00 kB
2016-03-09 19:46:43.437+0000 INFO  [o.n.k.i.DiagnosticsManager]   neostore.schemastore.db.id: 2016-03-09T19:46:42+0000 - 9.00 B
2016-03-09 19:46:43.438+0000 INFO  [o.n.k.i.DiagnosticsManager]   neostore.transaction.db.0: 2016-03-09T19:46:42+0000 - 16.00 B
2016-03-09 19:46:43.438+0000 INFO  [o.n.k.i.DiagnosticsManager]   schema:
2016-03-09 19:46:43.438+0000 INFO  [o.n.k.i.DiagnosticsManager]     label:
2016-03-09 19:46:43.438+0000 INFO  [o.n.k.i.DiagnosticsManager]       lucene:
2016-03-09 19:46:43.438+0000 INFO  [o.n.k.i.DiagnosticsManager]         write.lock: 2016-03-09T19:46:42+0000 - 0.00 B
2016-03-09 19:46:43.438+0000 INFO  [o.n.k.i.DiagnosticsManager]       - Total: 2016-03-09T19:46:42+0000 - 0.00 B
2016-03-09 19:46:43.439+0000 INFO  [o.n.k.i.DiagnosticsManager]     - Total: 2016-03-09T19:46:42+0000 - 0.00 B
2016-03-09 19:46:43.439+0000 INFO  [o.n.k.i.DiagnosticsManager]   - Total: 2016-03-09T19:46:42+0000 - 0.00 B
2016-03-09 19:46:43.439+0000 INFO  [o.n.k.i.DiagnosticsManager]   store_lock: 2016-03-09T19:46:41+0000 - 0.00 B
2016-03-09 19:46:43.439+0000 INFO  [o.n.k.i.DiagnosticsManager] --- STARTED diagnostics for KernelDiagnostics:StoreFiles END ---
2016-03-09 19:46:45.028+0000 INFO  [o.n.k.i.DiagnosticsManager] --- SERVER STARTED START ---
2016-03-09 19:46:46.561+0000 INFO  [o.n.k.i.DiagnosticsManager] --- SERVER STARTED END ---
2016-03-09 19:46:54.861+0000 INFO  [o.n.k.i.f.GraphDatabaseFacade] Shutdown started
2016-03-09 19:46:54.861+0000 INFO  [o.n.k.i.f.CommunityFacadeFactory] Database is now unavailable
2016-03-09 19:46:54.867+0000 INFO  [o.n.k.i.t.l.c.CheckPointerImpl] Check Pointing triggered by database shutdown [1]:  Starting check pointing...
2016-03-09 19:46:54.867+0000 INFO  [o.n.k.i.t.l.c.CheckPointerImpl] Check Pointing triggered by database shutdown [1]:  Starting store flush...
2016-03-09 19:46:54.867+0000 INFO  [o.n.k.i.t.l.c.CheckPointerImpl] Check Pointing triggered by database shutdown [1]:  Store flush completed
2016-03-09 19:46:54.867+0000 INFO  [o.n.k.i.t.l.c.CheckPointerImpl] Check Pointing triggered by database shutdown [1]:  Starting appending check point entry into the tx log...
2016-03-09 19:46:54.886+0000 INFO  [o.n.k.i.t.l.c.CheckPointerImpl] Check Pointing triggered by database shutdown [1]:  Appending check point entry into the tx log completed
2016-03-09 19:46:54.886+0000 INFO  [o.n.k.i.t.l.c.CheckPointerImpl] Check Pointing triggered by database shutdown [1]:  Check pointing completed
2016-03-09 19:46:54.887+0000 INFO  [o.n.k.i.t.l.p.LogPruningImpl] Log Rotation [0]:  Starting log pruning.
2016-03-09 19:46:54.887+0000 INFO  [o.n.k.i.t.l.p.LogPruningImpl] Log Rotation [0]:  Log pruning complete.
2016-03-09 19:46:54.896+0000 INFO  [o.n.k.NeoStoreDataSource] NeoStores closed
2016-03-09 19:46:54.896+0000 INFO  [o.n.k.i.DiagnosticsManager] --- STOPPING diagnostics START ---
2016-03-09 19:46:54.896+0000 INFO  [o.n.k.i.DiagnosticsManager] --- STOPPING diagnostics END ---
2016-03-10 17:28:11.198+0000 INFO  [o.n.k.i.f.CommunityFacadeFactory] No locking implementation specified, defaulting to 'community'
2016-03-10 17:28:11.338+0000 INFO  [o.n.k.AvailabilityGuard] Requirement makes database unavailable: Database available
2016-03-10 17:28:11.353+0000 INFO  [o.n.k.i.DiagnosticsManager] --- INITIALIZED diagnostics START ---
2016-03-10 17:28:11.354+0000 INFO  [o.n.k.i.DiagnosticsManager] Neo4j Kernel properties:
2016-03-10 17:28:11.354+0000 INFO  [o.n.k.i.DiagnosticsManager] org.neo4j.server.db.tuning.properties=C:\Users\Yvonne\Documents\GitHub\GraphTheory\project-template\constituencies.graphdb\neo4j.properties
2016-03-10 17:28:11.354+0000 INFO  [o.n.k.i.DiagnosticsManager] org.neo4j.server.database.location=C:\Users\Yvonne\Documents\GitHub\GraphTheory\project-template\constituencies.graphdb
2016-03-10 17:28:11.354+0000 INFO  [o.n.k.i.DiagnosticsManager] dbms.querylog.filename=data/log/queries.log
2016-03-10 17:28:11.354+0000 INFO  [o.n.k.i.DiagnosticsManager] dbms.security.auth_store.location=C:\Users\Yvonne\Documents\GitHub\GraphTheory\project-template\constituencies.graphdb\.\dbms\auth
2016-03-10 17:28:11.354+0000 INFO  [o.n.k.i.DiagnosticsManager] dbms.security.tls_certificate_file=C:\Users\Yvonne\Documents\GitHub\GraphTheory\project-template\constituencies.graphdb\.\dbms\ssl\snakeoil.cert
2016-03-10 17:28:11.355+0000 INFO  [o.n.k.i.DiagnosticsManager] remote_shell_enabled=true
2016-03-10 17:28:11.355+0000 INFO  [o.n.k.i.DiagnosticsManager] edition=Community
2016-03-10 17:28:11.355+0000 INFO  [o.n.k.i.DiagnosticsManager] dbms.security.tls_key_file=C:\Users\Yvonne\Documents\GitHub\GraphTheory\project-template\constituencies.graphdb\.\dbms\ssl\snakeoil.key
2016-03-10 17:28:11.355+0000 INFO  [o.n.k.i.DiagnosticsManager] Diagnostics providers:
2016-03-10 17:28:11.355+0000 INFO  [o.n.k.i.DiagnosticsManager] org.neo4j.kernel.configuration.Config
2016-03-10 17:28:11.355+0000 INFO  [o.n.k.i.DiagnosticsManager] org.neo4j.kernel.info.DiagnosticsManager
2016-03-10 17:28:11.355+0000 INFO  [o.n.k.i.DiagnosticsManager] SYSTEM_MEMORY
2016-03-10 17:28:11.355+0000 INFO  [o.n.k.i.DiagnosticsManager] JAVA_MEMORY
2016-03-10 17:28:11.355+0000 INFO  [o.n.k.i.DiagnosticsManager] OPERATING_SYSTEM
2016-03-10 17:28:11.355+0000 INFO  [o.n.k.i.DiagnosticsManager] JAVA_VIRTUAL_MACHINE
2016-03-10 17:28:11.355+0000 INFO  [o.n.k.i.DiagnosticsManager] CLASSPATH
2016-03-10 17:28:11.355+0000 INFO  [o.n.k.i.DiagnosticsManager] LIBRARY_PATH
2016-03-10 17:28:11.356+0000 INFO  [o.n.k.i.DiagnosticsManager] SYSTEM_PROPERTIES
2016-03-10 17:28:11.356+0000 INFO  [o.n.k.i.DiagnosticsManager] NETWORK
2016-03-10 17:28:11.356+0000 INFO  [o.n.k.i.DiagnosticsManager] System memory information:
2016-03-10 17:28:11.370+0000 INFO  [o.n.k.i.DiagnosticsManager] Total Physical memory: 7.87 GB
2016-03-10 17:28:11.370+0000 INFO  [o.n.k.i.DiagnosticsManager] Free Physical memory: 3.78 GB
2016-03-10 17:28:11.370+0000 INFO  [o.n.k.i.DiagnosticsManager] Committed virtual memory: 257.40 MB
2016-03-10 17:28:11.370+0000 INFO  [o.n.k.i.DiagnosticsManager] Total swap space: 9.12 GB
2016-03-10 17:28:11.370+0000 INFO  [o.n.k.i.DiagnosticsManager] Free swap space: 3.61 GB
2016-03-10 17:28:11.371+0000 INFO  [o.n.k.i.DiagnosticsManager] JVM memory information:
2016-03-10 17:28:11.371+0000 INFO  [o.n.k.i.DiagnosticsManager] Free  memory: 72.98 MB
2016-03-10 17:28:11.371+0000 INFO  [o.n.k.i.DiagnosticsManager] Total memory: 121.00 MB
2016-03-10 17:28:11.371+0000 INFO  [o.n.k.i.DiagnosticsManager] Max   memory: 1.75 GB
2016-03-10 17:28:11.399+0000 INFO  [o.n.k.i.DiagnosticsManager] Garbage Collector: PS Scavenge: [PS Eden Space, PS Survivor Space]
2016-03-10 17:28:11.399+0000 INFO  [o.n.k.i.DiagnosticsManager] Garbage Collector: PS MarkSweep: [PS Eden Space, PS Survivor Space, PS Old Gen, PS Perm Gen]
2016-03-10 17:28:11.400+0000 INFO  [o.n.k.i.DiagnosticsManager] Memory Pool: Code Cache (Non-heap memory): committed=2.44 MB, used=1.05 MB, max=48.00 MB, threshold=0.00 B
2016-03-10 17:28:11.400+0000 INFO  [o.n.k.i.DiagnosticsManager] Memory Pool: PS Eden Space (Heap memory): committed=32.00 MB, used=20.16 MB, max=662.00 MB, threshold=?
2016-03-10 17:28:11.401+0000 INFO  [o.n.k.i.DiagnosticsManager] Memory Pool: PS Survivor Space (Heap memory): committed=5.00 MB, used=4.98 MB, max=5.00 MB, threshold=?
2016-03-10 17:28:11.401+0000 INFO  [o.n.k.i.DiagnosticsManager] Memory Pool: PS Old Gen (Heap memory): committed=84.00 MB, used=22.89 MB, max=1.31 GB, threshold=0.00 B
2016-03-10 17:28:11.402+0000 INFO  [o.n.k.i.DiagnosticsManager] Memory Pool: PS Perm Gen (Non-heap memory): committed=21.00 MB, used=20.71 MB, max=82.00 MB, threshold=0.00 B
2016-03-10 17:28:11.403+0000 INFO  [o.n.k.i.DiagnosticsManager] Operating system information:
2016-03-10 17:28:11.403+0000 INFO  [o.n.k.i.DiagnosticsManager] Operating System: Windows 8.1; version: 6.3; arch: amd64; cpus: 4
2016-03-10 17:28:11.448+0000 INFO  [o.n.k.i.DiagnosticsManager] Process id: 10560@Lexie
2016-03-10 17:28:11.448+0000 INFO  [o.n.k.i.DiagnosticsManager] Byte order: LITTLE_ENDIAN
2016-03-10 17:28:11.448+0000 INFO  [o.n.k.i.DiagnosticsManager] Local timezone: Europe/London
2016-03-10 17:28:11.448+0000 INFO  [o.n.k.i.DiagnosticsManager] JVM information:
2016-03-10 17:28:11.448+0000 INFO  [o.n.k.i.DiagnosticsManager] VM Name: Java HotSpot(TM) 64-Bit Server VM
2016-03-10 17:28:11.448+0000 INFO  [o.n.k.i.DiagnosticsManager] VM Vendor: Oracle Corporation
2016-03-10 17:28:11.449+0000 INFO  [o.n.k.i.DiagnosticsManager] VM Version: 24.80-b11
2016-03-10 17:28:11.450+0000 INFO  [o.n.k.i.DiagnosticsManager] JIT compiler: HotSpot 64-Bit Tiered Compilers
2016-03-10 17:28:11.450+0000 INFO  [o.n.k.i.DiagnosticsManager] VM Arguments: [-Dexe4j.semaphoreName=Local\c:_program_files_neo4j_ce_2.3.2_bin_neo4j-ce.exe, -Dexe4j.isInstall4j=true, -Dexe4j.moduleName=C:\Program Files\Neo4j CE 2.3.2\bin\neo4j-ce.exe, -Dexe4j.tempDir=, -Dexe4j.unextractedPosition=0, -Djava.library.path=C:\PROGRAMDATA\ORACLE\JAVA\JAVAPATH;C:\PROGRAM FILES (X86)\INTEL\ICLS CLIENT\;C:\PROGRAM FILES\INTEL\ICLS CLIENT\;C:\WINDOWS\SYSTEM32;C:\WINDOWS;C:\WINDOWS\SYSTEM32\WBEM;C:\WINDOWS\SYSTEM32\WINDOWSPOWERSHELL\V1.0\;C:\PROGRAM FILES\INTEL\INTEL(R) MANAGEMENT ENGINE COMPONENTS\DAL;C:\PROGRAM FILES\INTEL\INTEL(R) MANAGEMENT ENGINE COMPONENTS\IPT;C:\PROGRAM FILES (X86)\INTEL\INTEL(R) MANAGEMENT ENGINE COMPONENTS\DAL;C:\PROGRAM FILES (X86)\INTEL\INTEL(R) MANAGEMENT ENGINE COMPONENTS\IPT;C:\PROGRAM FILES (X86)\INTEL\OPENCL SDK\2.0\BIN\X86;C:\PROGRAM FILES (X86)\INTEL\OPENCL SDK\2.0\BIN\X64;C:\PROGRAM FILES\LENOVO\BLUETOOTH SOFTWARE\;C:\PROGRAM FILES\LENOVO\BLUETOOTH SOFTWARE\SYSWOW64;C:\WINDOWS\system32;C:\WINDOWS;C:\WINDOWS\System32\Wbem;C:\WINDOWS\System32\WindowsPowerShell\v1.0\;c:\Program Files (x86)\Microsoft SQL Server\100\Tools\Binn\;c:\Program Files\Microsoft SQL Server\100\Tools\Binn\;c:\Program Files\Microsoft SQL Server\100\DTS\Binn\;C:\Program Files (x86)\Brackets\command;C:\Program Files (x86)\Skype\Phone\;C:\Program Files\Java\jdk1.8.0_65\bin;C:\WINDOWS\system32\config\systemprofile\.dnx\bin;C:\Program Files\Microsoft DNX\Dnvm\;C:\Program Files (x86)\Windows Kits\10\Windows Performance Toolkit\;C:\Program Files (x86)\GtkSharp\2.12\bin;C:\Program Files\Microsoft SQL Server\110\Tools\Binn\;C:\Program Files (x86)\IVI Foundation\VISA\WinNT\Bin;C:\Program Files\leJOS EV3\bin;C:\Program Files\nodejs\;C:\Users\Yvonne\AppData\Roaming\npm;c:\program files\neo4j ce 2.3.2\jre\bin, -Dexe4j.consoleCodepage=cp0, -Dinstall4j.launcherId=24, -Dinstall4j.swt=false]
2016-03-10 17:28:11.450+0000 INFO  [o.n.k.i.DiagnosticsManager] Java classpath:
2016-03-10 17:28:11.454+0000 INFO  [o.n.k.i.DiagnosticsManager]  [loader.1] file:/C:/Program%20Files/Neo4j%20CE%202.3.2/jre/lib/ext/access-bridge-64.jar
2016-03-10 17:28:11.454+0000 INFO  [o.n.k.i.DiagnosticsManager]  [loader.1] file:/C:/Program%20Files/Neo4j%20CE%202.3.2/jre/lib/ext/dns_sd.jar
2016-03-10 17:28:11.454+0000 INFO  [o.n.k.i.DiagnosticsManager]  [bootstrap] C:\Program Files\Neo4j CE 2.3.2\jre\lib\charsets.jar
2016-03-10 17:28:11.454+0000 INFO  [o.n.k.i.DiagnosticsManager]  [loader.1] file:/C:/Program%20Files/Neo4j%20CE%202.3.2/jre/lib/ext/jaccess.jar
2016-03-10 17:28:11.454+0000 INFO  [o.n.k.i.DiagnosticsManager]  [loader.1] file:/C:/Program%20Files/Neo4j%20CE%202.3.2/jre/lib/ext/sunmscapi.jar
2016-03-10 17:28:11.454+0000 INFO  [o.n.k.i.DiagnosticsManager]  [classpath] C:\Program Files\Neo4j CE 2.3.2\.install4j\i4jruntime.jar
2016-03-10 17:28:11.454+0000 INFO  [o.n.k.i.DiagnosticsManager]  [loader.1] file:/C:/Program%20Files/Neo4j%20CE%202.3.2/jre/lib/ext/sunjce_provider.jar
2016-03-10 17:28:11.454+0000 INFO  [o.n.k.i.DiagnosticsManager]  [bootstrap] C:\Program Files\Neo4j CE 2.3.2\jre\lib\resources.jar
2016-03-10 17:28:11.454+0000 INFO  [o.n.k.i.DiagnosticsManager]  [classpath] C:\Program Files\Neo4j CE 2.3.2\bin\neo4j-desktop-2.3.2.jar
2016-03-10 17:28:11.454+0000 INFO  [o.n.k.i.DiagnosticsManager]  [loader.0] file:/C:/Program%20Files/Neo4j%20CE%202.3.2/bin/
2016-03-10 17:28:11.454+0000 INFO  [o.n.k.i.DiagnosticsManager]  [bootstrap] C:\Program Files\Neo4j CE 2.3.2\jre\lib\jsse.jar
2016-03-10 17:28:11.454+0000 INFO  [o.n.k.i.DiagnosticsManager]  [bootstrap] C:\Program Files\Neo4j CE 2.3.2\jre\lib\rt.jar
2016-03-10 17:28:11.454+0000 INFO  [o.n.k.i.DiagnosticsManager]  [bootstrap] C:\Program Files\Neo4j CE 2.3.2\jre\lib\jce.jar
2016-03-10 17:28:11.454+0000 INFO  [o.n.k.i.DiagnosticsManager]  [loader.0] file:/C:/Program%20Files/Neo4j%20CE%202.3.2/bin/neo4j-desktop-2.3.2.jar
2016-03-10 17:28:11.455+0000 INFO  [o.n.k.i.DiagnosticsManager]  [loader.1] file:/C:/Program%20Files/Neo4j%20CE%202.3.2/jre/lib/ext/localedata.jar
2016-03-10 17:28:11.455+0000 INFO  [o.n.k.i.DiagnosticsManager]  [loader.0] file:/C:/Program%20Files/Neo4j%20CE%202.3.2/.install4j/i4jruntime.jar
2016-03-10 17:28:11.455+0000 INFO  [o.n.k.i.DiagnosticsManager]  [loader.1] file:/C:/Program%20Files/Neo4j%20CE%202.3.2/jre/lib/ext/zipfs.jar
2016-03-10 17:28:11.455+0000 INFO  [o.n.k.i.DiagnosticsManager]  [loader.1] file:/C:/Program%20Files/Neo4j%20CE%202.3.2/jre/lib/ext/sunec.jar
2016-03-10 17:28:11.455+0000 INFO  [o.n.k.i.DiagnosticsManager]  [bootstrap] C:\Program Files\Neo4j CE 2.3.2\jre\lib\jfr.jar
2016-03-10 17:28:11.455+0000 INFO  [o.n.k.i.DiagnosticsManager]  [loader.1] file:/C:/Program%20Files/Neo4j%20CE%202.3.2/jre/lib/ext/dnsns.jar
2016-03-10 17:28:11.455+0000 INFO  [o.n.k.i.DiagnosticsManager]  [bootstrap] C:\Program Files\Neo4j CE 2.3.2\jre\classes
2016-03-10 17:28:11.455+0000 INFO  [o.n.k.i.DiagnosticsManager]  [bootstrap] C:\Program Files\Neo4j CE 2.3.2\jre\lib\sunrsasign.jar
2016-03-10 17:28:11.455+0000 INFO  [o.n.k.i.DiagnosticsManager] Library path:
2016-03-10 17:28:11.456+0000 INFO  [o.n.k.i.DiagnosticsManager] C:\ProgramData\Oracle\Java\javapath
2016-03-10 17:28:11.457+0000 INFO  [o.n.k.i.DiagnosticsManager] C:\Program Files (x86)\Intel\iCLS Client
2016-03-10 17:28:11.457+0000 INFO  [o.n.k.i.DiagnosticsManager] C:\Program Files\Intel\iCLS Client
2016-03-10 17:28:11.457+0000 INFO  [o.n.k.i.DiagnosticsManager] C:\Windows\System32
2016-03-10 17:28:11.458+0000 INFO  [o.n.k.i.DiagnosticsManager] C:\Windows
2016-03-10 17:28:11.458+0000 INFO  [o.n.k.i.DiagnosticsManager] C:\Windows\System32\wbem
2016-03-10 17:28:11.459+0000 INFO  [o.n.k.i.DiagnosticsManager] C:\Windows\System32\WindowsPowerShell\v1.0
2016-03-10 17:28:11.459+0000 INFO  [o.n.k.i.DiagnosticsManager] C:\Program Files\Intel\Intel(R) Management Engine Components\DAL
2016-03-10 17:28:11.460+0000 INFO  [o.n.k.i.DiagnosticsManager] C:\Program Files\Intel\Intel(R) Management Engine Components\IPT
2016-03-10 17:28:11.461+0000 INFO  [o.n.k.i.DiagnosticsManager] C:\Program Files (x86)\Intel\Intel(R) Management Engine Components\DAL
2016-03-10 17:28:11.461+0000 INFO  [o.n.k.i.DiagnosticsManager] C:\Program Files (x86)\Intel\Intel(R) Management Engine Components\IPT
2016-03-10 17:28:11.462+0000 INFO  [o.n.k.i.DiagnosticsManager] C:\Program Files (x86)\Intel\OpenCL SDK\2.0\bin\x86
2016-03-10 17:28:11.462+0000 INFO  [o.n.k.i.DiagnosticsManager] C:\Program Files (x86)\Intel\OpenCL SDK\2.0\bin\x64
2016-03-10 17:28:11.463+0000 INFO  [o.n.k.i.DiagnosticsManager] C:\Program Files\Lenovo\Bluetooth Software
2016-03-10 17:28:11.463+0000 INFO  [o.n.k.i.DiagnosticsManager] C:\Program Files\Lenovo\Bluetooth Software\syswow64
2016-03-10 17:28:11.464+0000 INFO  [o.n.k.i.DiagnosticsManager] C:\Windows\System32
2016-03-10 17:28:11.464+0000 INFO  [o.n.k.i.DiagnosticsManager] C:\Windows
2016-03-10 17:28:11.464+0000 INFO  [o.n.k.i.DiagnosticsManager] C:\Windows\System32\wbem
2016-03-10 17:28:11.465+0000 INFO  [o.n.k.i.DiagnosticsManager] C:\Windows\System32\WindowsPowerShell\v1.0
2016-03-10 17:28:11.465+0000 INFO  [o.n.k.i.DiagnosticsManager] C:\Program Files (x86)\Microsoft SQL Server\100\Tools\Binn
2016-03-10 17:28:11.466+0000 INFO  [o.n.k.i.DiagnosticsManager] C:\Program Files\Microsoft SQL Server\100\Tools\Binn
2016-03-10 17:28:11.466+0000 INFO  [o.n.k.i.DiagnosticsManager] C:\Program Files\Microsoft SQL Server\100\DTS\Binn
2016-03-10 17:28:11.467+0000 INFO  [o.n.k.i.DiagnosticsManager] C:\Program Files (x86)\Brackets\command
2016-03-10 17:28:11.467+0000 INFO  [o.n.k.i.DiagnosticsManager] C:\Program Files (x86)\Skype\Phone
2016-03-10 17:28:11.468+0000 INFO  [o.n.k.i.DiagnosticsManager] C:\Program Files\Java\jdk1.8.0_65\bin
2016-03-10 17:28:11.468+0000 INFO  [o.n.k.i.DiagnosticsManager] C:\Windows\System32\config\systemprofile\.dnx\bin
2016-03-10 17:28:11.469+0000 INFO  [o.n.k.i.DiagnosticsManager] C:\Program Files\Microsoft DNX\Dnvm
2016-03-10 17:28:11.469+0000 INFO  [o.n.k.i.DiagnosticsManager] C:\Program Files (x86)\Windows Kits\10\Windows Performance Toolkit
2016-03-10 17:28:11.470+0000 INFO  [o.n.k.i.DiagnosticsManager] C:\Program Files (x86)\GtkSharp\2.12\bin
2016-03-10 17:28:11.470+0000 INFO  [o.n.k.i.DiagnosticsManager] C:\Program Files\Microsoft SQL Server\110\Tools\Binn
2016-03-10 17:28:11.471+0000 INFO  [o.n.k.i.DiagnosticsManager] C:\Program Files (x86)\IVI Foundation\VISA\WinNT\Bin
2016-03-10 17:28:11.471+0000 INFO  [o.n.k.i.DiagnosticsManager] C:\Program Files\leJOS EV3\bin
2016-03-10 17:28:11.472+0000 INFO  [o.n.k.i.DiagnosticsManager] C:\Program Files\nodejs
2016-03-10 17:28:11.472+0000 INFO  [o.n.k.i.DiagnosticsManager] C:\Users\Yvonne\AppData\Roaming\npm
2016-03-10 17:28:11.473+0000 INFO  [o.n.k.i.DiagnosticsManager] C:\Program Files\Neo4j CE 2.3.2\jre\bin
2016-03-10 17:28:11.473+0000 INFO  [o.n.k.i.DiagnosticsManager] System.properties:
2016-03-10 17:28:11.473+0000 INFO  [o.n.k.i.DiagnosticsManager] exe4j.moduleName = C:\Program Files\Neo4j CE 2.3.2\bin\neo4j-ce.exe
2016-03-10 17:28:11.473+0000 INFO  [o.n.k.i.DiagnosticsManager] exe4j.semaphoreName = Local\c:_program_files_neo4j_ce_2.3.2_bin_neo4j-ce.exe
2016-03-10 17:28:11.473+0000 INFO  [o.n.k.i.DiagnosticsManager] sun.boot.library.path = c:\program files\neo4j ce 2.3.2\jre\bin
2016-03-10 17:28:11.473+0000 INFO  [o.n.k.i.DiagnosticsManager] exe4j.consoleCodepage = cp0
2016-03-10 17:28:11.473+0000 INFO  [o.n.k.i.DiagnosticsManager] path.separator = ;
2016-03-10 17:28:11.474+0000 INFO  [o.n.k.i.DiagnosticsManager] file.encoding.pkg = sun.io
2016-03-10 17:28:11.474+0000 INFO  [o.n.k.i.DiagnosticsManager] user.country = IE
2016-03-10 17:28:11.474+0000 INFO  [o.n.k.i.DiagnosticsManager] user.script = 
2016-03-10 17:28:11.474+0000 INFO  [o.n.k.i.DiagnosticsManager] sun.os.patch.level = 
2016-03-10 17:28:11.474+0000 INFO  [o.n.k.i.DiagnosticsManager] install4j.exeDir = C:\Program Files\Neo4j CE 2.3.2\bin\
2016-03-10 17:28:11.474+0000 INFO  [o.n.k.i.DiagnosticsManager] user.dir = C:\Program Files\Neo4j CE 2.3.2\bin
2016-03-10 17:28:11.474+0000 INFO  [o.n.k.i.DiagnosticsManager] neo4j.ext.udc.source = desktop
2016-03-10 17:28:11.474+0000 INFO  [o.n.k.i.DiagnosticsManager] user.variant = 
2016-03-10 17:28:11.474+0000 INFO  [o.n.k.i.DiagnosticsManager] exe4j.tempDir = 
2016-03-10 17:28:11.474+0000 INFO  [o.n.k.i.DiagnosticsManager] sun.jnu.encoding = Cp1252
2016-03-10 17:28:11.474+0000 INFO  [o.n.k.i.DiagnosticsManager] sun.awt.enableExtraMouseButtons = true
2016-03-10 17:28:11.474+0000 INFO  [o.n.k.i.DiagnosticsManager] install4j.launcherId = 24
2016-03-10 17:28:11.474+0000 INFO  [o.n.k.i.DiagnosticsManager] sun.management.compiler = HotSpot 64-Bit Tiered Compilers
2016-03-10 17:28:11.474+0000 INFO  [o.n.k.i.DiagnosticsManager] exe4j.isInstall4j = true
2016-03-10 17:28:11.475+0000 INFO  [o.n.k.i.DiagnosticsManager] install4j.swt = false
2016-03-10 17:28:11.475+0000 INFO  [o.n.k.i.DiagnosticsManager] user.home = C:\Users\Yvonne
2016-03-10 17:28:11.475+0000 INFO  [o.n.k.i.DiagnosticsManager] user.timezone = Europe/London
2016-03-10 17:28:11.475+0000 INFO  [o.n.k.i.DiagnosticsManager] file.encoding = Cp1252
2016-03-10 17:28:11.475+0000 INFO  [o.n.k.i.DiagnosticsManager] user.name = Yvonne
2016-03-10 17:28:11.475+0000 INFO  [o.n.k.i.DiagnosticsManager] sun.java.command = C:\Program Files\Neo4j CE 2.3.2\bin\neo4j-ce.exe
2016-03-10 17:28:11.475+0000 INFO  [o.n.k.i.DiagnosticsManager] sun.arch.data.model = 64
2016-03-10 17:28:11.475+0000 INFO  [o.n.k.i.DiagnosticsManager] exe4j.launchName = C:\Program Files\Neo4j CE 2.3.2\bin\neo4j-ce.exe
2016-03-10 17:28:11.475+0000 INFO  [o.n.k.i.DiagnosticsManager] user.language = en
2016-03-10 17:28:11.475+0000 INFO  [o.n.k.i.DiagnosticsManager] awt.toolkit = sun.awt.windows.WToolkit
2016-03-10 17:28:11.475+0000 INFO  [o.n.k.i.DiagnosticsManager] exe4j.unextractedPosition = 0
2016-03-10 17:28:11.476+0000 INFO  [o.n.k.i.DiagnosticsManager] install4j.appDir = C:\Program Files\Neo4j CE 2.3.2\
2016-03-10 17:28:11.476+0000 INFO  [o.n.k.i.DiagnosticsManager] file.separator = \
2016-03-10 17:28:11.476+0000 INFO  [o.n.k.i.DiagnosticsManager] sun.io.unicode.encoding = UnicodeLittle
2016-03-10 17:28:11.476+0000 INFO  [o.n.k.i.DiagnosticsManager] sun.cpu.endian = little
2016-03-10 17:28:11.476+0000 INFO  [o.n.k.i.DiagnosticsManager] sun.desktop = windows
2016-03-10 17:28:11.476+0000 INFO  [o.n.k.i.DiagnosticsManager] sun.cpu.isalist = amd64
2016-03-10 17:28:11.476+0000 INFO  [o.n.k.i.DiagnosticsManager] Network information:
2016-03-10 17:28:11.524+0000 INFO  [o.n.k.i.DiagnosticsManager] Interface Software Loopback Interface 1:
2016-03-10 17:28:11.524+0000 INFO  [o.n.k.i.DiagnosticsManager]     address: 127.0.0.1
2016-03-10 17:28:11.524+0000 INFO  [o.n.k.i.DiagnosticsManager]     address: 0:0:0:0:0:0:0:1
2016-03-10 17:28:11.525+0000 INFO  [o.n.k.i.DiagnosticsManager] Interface Microsoft Wi-Fi Direct Virtual Adapter #2:
2016-03-10 17:28:11.525+0000 INFO  [o.n.k.i.DiagnosticsManager] Interface Bluetooth PAN HelpText:
2016-03-10 17:28:11.525+0000 INFO  [o.n.k.i.DiagnosticsManager] Interface Microsoft ISATAP Adapter #2:
2016-03-10 17:28:11.525+0000 INFO  [o.n.k.i.DiagnosticsManager] Interface Microsoft Wi-Fi Direct Virtual Adapter:
2016-03-10 17:28:11.525+0000 INFO  [o.n.k.i.DiagnosticsManager]     address: fe80:0:0:0:e143:f33d:c189:2709%6
2016-03-10 17:28:11.525+0000 INFO  [o.n.k.i.DiagnosticsManager] Interface Microsoft Kernel Debug Network Adapter:
2016-03-10 17:28:11.526+0000 INFO  [o.n.k.i.DiagnosticsManager] Interface This Qualcomm Atheros network Controller connects you to the network.:
2016-03-10 17:28:11.526+0000 INFO  [o.n.k.i.DiagnosticsManager]     address: fe80:0:0:0:9da5:f2:8e30:d801%8
2016-03-10 17:28:11.526+0000 INFO  [o.n.k.i.DiagnosticsManager] Interface The Broadcom 802.11 Network Adapter provides wireless local area networking.:
2016-03-10 17:28:11.526+0000 INFO  [o.n.k.i.DiagnosticsManager]     address: 192.168.0.13
2016-03-10 17:28:11.526+0000 INFO  [o.n.k.i.DiagnosticsManager]     address: fe80:0:0:0:5175:6823:6196:b6d7%9
2016-03-10 17:28:11.526+0000 INFO  [o.n.k.i.DiagnosticsManager] Interface Bluetooth Device (RFCOMM Protocol TDI):
2016-03-10 17:28:11.526+0000 INFO  [o.n.k.i.DiagnosticsManager] Interface Broadcom 802.11n Network Adapter-WFP Native MAC Layer LightWeight Filter-0000:
2016-03-10 17:28:11.527+0000 INFO  [o.n.k.i.DiagnosticsManager] Interface VirtualBox NDIS 6.0 Miniport Driver:
2016-03-10 17:28:11.527+0000 INFO  [o.n.k.i.DiagnosticsManager] Interface Teredo Tunneling Pseudo-Interface:
2016-03-10 17:28:11.527+0000 INFO  [o.n.k.i.DiagnosticsManager]     address: 2001:0:9d38:6abd:30b4:46d:a314:dacc
2016-03-10 17:28:11.527+0000 INFO  [o.n.k.i.DiagnosticsManager]     address: fe80:0:0:0:30b4:46d:a314:dacc%13
2016-03-10 17:28:11.527+0000 INFO  [o.n.k.i.DiagnosticsManager] Interface Microsoft ISATAP Adapter #3:
2016-03-10 17:28:11.527+0000 INFO  [o.n.k.i.DiagnosticsManager]     address: fe80:0:0:0:0:5efe:c0a8:d%14
2016-03-10 17:28:11.527+0000 INFO  [o.n.k.i.DiagnosticsManager] Interface Qualcomm Atheros AR8172/8176/8178 PCI-E Fast Ethernet Controller (NDIS 6.30)-WFP Native MAC Layer LightWeight Filter-0000:
2016-03-10 17:28:11.528+0000 INFO  [o.n.k.i.DiagnosticsManager] Interface Qualcomm Atheros AR8172/8176/8178 PCI-E Fast Ethernet Controller (NDIS 6.30)-VirtualBox NDIS Light-Weight Filter-0000:
2016-03-10 17:28:11.528+0000 INFO  [o.n.k.i.DiagnosticsManager] Interface Qualcomm Atheros AR8172/8176/8178 PCI-E Fast Ethernet Controller (NDIS 6.30)-QoS Packet Scheduler-0000:
2016-03-10 17:28:11.528+0000 INFO  [o.n.k.i.DiagnosticsManager] Interface Qualcomm Atheros AR8172/8176/8178 PCI-E Fast Ethernet Controller (NDIS 6.30)-WFP 802.3 MAC Layer LightWeight Filter-0000:
2016-03-10 17:28:11.528+0000 INFO  [o.n.k.i.DiagnosticsManager] Interface Broadcom 802.11n Network Adapter-Virtual WiFi Filter Driver-0000:
2016-03-10 17:28:11.528+0000 INFO  [o.n.k.i.DiagnosticsManager] Interface Broadcom 802.11n Network Adapter-Native WiFi Filter Driver-0000:
2016-03-10 17:28:11.528+0000 INFO  [o.n.k.i.DiagnosticsManager] Interface Broadcom 802.11n Network Adapter-VirtualBox NDIS Light-Weight Filter-0000:
2016-03-10 17:28:11.528+0000 INFO  [o.n.k.i.DiagnosticsManager] Interface Broadcom 802.11n Network Adapter-QoS Packet Scheduler-0000:
2016-03-10 17:28:11.528+0000 INFO  [o.n.k.i.DiagnosticsManager] Interface Broadcom 802.11n Network Adapter-WFP 802.3 MAC Layer LightWeight Filter-0000:
2016-03-10 17:28:11.528+0000 INFO  [o.n.k.i.DiagnosticsManager] Interface Microsoft Wi-Fi Direct Virtual Adapter-WFP Native MAC Layer LightWeight Filter-0000:
2016-03-10 17:28:11.528+0000 INFO  [o.n.k.i.DiagnosticsManager] Interface Microsoft Wi-Fi Direct Virtual Adapter-Native WiFi Filter Driver-0000:
2016-03-10 17:28:11.528+0000 INFO  [o.n.k.i.DiagnosticsManager] Interface Microsoft Wi-Fi Direct Virtual Adapter-VirtualBox NDIS Light-Weight Filter-0000:
2016-03-10 17:28:11.529+0000 INFO  [o.n.k.i.DiagnosticsManager] Interface Microsoft Wi-Fi Direct Virtual Adapter-QoS Packet Scheduler-0000:
2016-03-10 17:28:11.529+0000 INFO  [o.n.k.i.DiagnosticsManager] Interface Microsoft Wi-Fi Direct Virtual Adapter-WFP 802.3 MAC Layer LightWeight Filter-0000:
2016-03-10 17:28:11.529+0000 INFO  [o.n.k.i.DiagnosticsManager] --- INITIALIZED diagnostics END ---
2016-03-10 17:28:13.351+0000 INFO  [o.n.k.KernelHealth] Kernel health set to OK
2016-03-10 17:28:15.652+0000 INFO  [o.n.k.AvailabilityGuard] Fulfilling of requirement makes database available: Database available
2016-03-10 17:28:15.656+0000 INFO  [o.n.k.i.f.CommunityFacadeFactory] Database is now ready
2016-03-10 17:28:15.662+0000 INFO  [o.n.k.i.DiagnosticsManager] --- STARTED diagnostics for KernelDiagnostics:Versions START ---
2016-03-10 17:28:15.665+0000 INFO  [o.n.k.i.DiagnosticsManager] Graph Database: Community StoreId{creationTime=1457552802092, randomId=1977946274690558294, storeVersion=15250506225055238, upgradeTime=1457552802092, upgradeId=1}
2016-03-10 17:28:15.669+0000 INFO  [o.n.k.i.DiagnosticsManager] Kernel version: 2.3.2
2016-03-10 17:28:15.673+0000 INFO  [o.n.k.i.DiagnosticsManager] --- STARTED diagnostics for KernelDiagnostics:Versions END ---
2016-03-10 17:28:15.679+0000 INFO  [o.n.k.i.DiagnosticsManager] --- STARTED diagnostics for NEO_STORE_VERSIONS START ---
2016-03-10 17:28:15.683+0000 INFO  [o.n.k.i.DiagnosticsManager] Store versions:
2016-03-10 17:28:15.686+0000 INFO  [o.n.k.i.DiagnosticsManager] Store versions:
2016-03-10 17:28:15.691+0000 INFO  [o.n.k.i.DiagnosticsManager] ArrayPropertyStore v0.A.6
2016-03-10 17:28:15.694+0000 INFO  [o.n.k.i.DiagnosticsManager] NodeStore v0.A.6
2016-03-10 17:28:15.698+0000 INFO  [o.n.k.i.DiagnosticsManager] StringPropertyStore v0.A.6
2016-03-10 17:28:15.701+0000 INFO  [o.n.k.i.DiagnosticsManager] PropertyIndexStore v0.A.6
2016-03-10 17:28:15.704+0000 INFO  [o.n.k.i.DiagnosticsManager] StringPropertyStore v0.A.6
2016-03-10 17:28:15.708+0000 INFO  [o.n.k.i.DiagnosticsManager] ArrayPropertyStore v0.A.6
2016-03-10 17:28:15.713+0000 INFO  [o.n.k.i.DiagnosticsManager] PropertyStore v0.A.6
2016-03-10 17:28:15.717+0000 INFO  [o.n.k.i.DiagnosticsManager] RelationshipStore v0.A.6
2016-03-10 17:28:15.720+0000 INFO  [o.n.k.i.DiagnosticsManager] StringPropertyStore v0.A.6
2016-03-10 17:28:15.724+0000 INFO  [o.n.k.i.DiagnosticsManager] RelationshipTypeStore v0.A.6
2016-03-10 17:28:15.727+0000 INFO  [o.n.k.i.DiagnosticsManager] StringPropertyStore v0.A.6
2016-03-10 17:28:15.731+0000 INFO  [o.n.k.i.DiagnosticsManager] LabelTokenStore v0.A.6
2016-03-10 17:28:15.734+0000 INFO  [o.n.k.i.DiagnosticsManager] SchemaStore v0.A.6
2016-03-10 17:28:15.739+0000 INFO  [o.n.k.i.DiagnosticsManager] RelationshipGroupStore v0.A.6
2016-03-10 17:28:15.743+0000 INFO  [o.n.k.i.DiagnosticsManager] NeoStore v0.A.6
2016-03-10 17:28:15.748+0000 INFO  [o.n.k.i.DiagnosticsManager] --- STARTED diagnostics for NEO_STORE_VERSIONS END ---
2016-03-10 17:28:15.752+0000 INFO  [o.n.k.i.DiagnosticsManager] --- STARTED diagnostics for NEO_STORE_ID_USAGE START ---
2016-03-10 17:28:15.755+0000 INFO  [o.n.k.i.DiagnosticsManager] Id usage:
2016-03-10 17:28:15.759+0000 INFO  [o.n.k.i.DiagnosticsManager] Id usage:
2016-03-10 17:28:15.763+0000 INFO  [o.n.k.i.DiagnosticsManager]   ArrayPropertyStore v0.A.6: used=1 high=0
2016-03-10 17:28:15.767+0000 INFO  [o.n.k.i.DiagnosticsManager]   NodeStore v0.A.6: used=0 high=-1
2016-03-10 17:28:15.770+0000 INFO  [o.n.k.i.DiagnosticsManager]   StringPropertyStore v0.A.6: used=1 high=0
2016-03-10 17:28:15.774+0000 INFO  [o.n.k.i.DiagnosticsManager]   PropertyIndexStore v0.A.6: used=0 high=-1
2016-03-10 17:28:15.778+0000 INFO  [o.n.k.i.DiagnosticsManager]   StringPropertyStore v0.A.6: used=1 high=0
2016-03-10 17:28:15.781+0000 INFO  [o.n.k.i.DiagnosticsManager]   ArrayPropertyStore v0.A.6: used=1 high=0
2016-03-10 17:28:15.785+0000 INFO  [o.n.k.i.DiagnosticsManager]   PropertyStore v0.A.6: used=0 high=-1
2016-03-10 17:28:15.789+0000 INFO  [o.n.k.i.DiagnosticsManager]   RelationshipStore v0.A.6: used=0 high=-1
2016-03-10 17:28:15.792+0000 INFO  [o.n.k.i.DiagnosticsManager]   StringPropertyStore v0.A.6: used=1 high=0
2016-03-10 17:28:15.796+0000 INFO  [o.n.k.i.DiagnosticsManager]   RelationshipTypeStore v0.A.6: used=0 high=-1
2016-03-10 17:28:15.800+0000 INFO  [o.n.k.i.DiagnosticsManager]   StringPropertyStore v0.A.6: used=1 high=0
2016-03-10 17:28:15.804+0000 INFO  [o.n.k.i.DiagnosticsManager]   LabelTokenStore v0.A.6: used=0 high=-1
2016-03-10 17:28:15.807+0000 INFO  [o.n.k.i.DiagnosticsManager]   SchemaStore v0.A.6: used=1 high=0
2016-03-10 17:28:15.811+0000 INFO  [o.n.k.i.DiagnosticsManager]   RelationshipGroupStore v0.A.6: used=1 high=0
2016-03-10 17:28:15.815+0000 INFO  [o.n.k.i.DiagnosticsManager]   NeoStore v0.A.6: used=13 high=12
2016-03-10 17:28:15.818+0000 INFO  [o.n.k.i.DiagnosticsManager] --- STARTED diagnostics for NEO_STORE_ID_USAGE END ---
2016-03-10 17:28:15.822+0000 INFO  [o.n.k.i.DiagnosticsManager] --- STARTED diagnostics for NEO_STORE_RECORDS START ---
2016-03-10 17:28:15.825+0000 INFO  [o.n.k.i.DiagnosticsManager] Neostore records:
2016-03-10 17:28:15.829+0000 INFO  [o.n.k.i.DiagnosticsManager] TIME (Creation time): 1457552802092
2016-03-10 17:28:15.833+0000 INFO  [o.n.k.i.DiagnosticsManager] RANDOM_NUMBER (Random number for store id): 1977946274690558294
2016-03-10 17:28:15.836+0000 INFO  [o.n.k.i.DiagnosticsManager] LOG_VERSION (Current log version): 0
2016-03-10 17:28:15.840+0000 INFO  [o.n.k.i.DiagnosticsManager] LAST_TRANSACTION_ID (Last committed transaction): 1
2016-03-10 17:28:15.843+0000 INFO  [o.n.k.i.DiagnosticsManager] STORE_VERSION (Store format version): 15250506225055238
2016-03-10 17:28:15.847+0000 INFO  [o.n.k.i.DiagnosticsManager] FIRST_GRAPH_PROPERTY (First property record containing graph properties): -1
2016-03-10 17:28:15.850+0000 INFO  [o.n.k.i.DiagnosticsManager] LAST_CONSTRAINT_TRANSACTION (Last committed transaction containing constraint changes): 0
2016-03-10 17:28:15.854+0000 INFO  [o.n.k.i.DiagnosticsManager] UPGRADE_TRANSACTION_ID (Transaction id most recent upgrade was performed at): 1
2016-03-10 17:28:15.857+0000 INFO  [o.n.k.i.DiagnosticsManager] UPGRADE_TIME (Time of last upgrade): 1457552802092
2016-03-10 17:28:15.861+0000 INFO  [o.n.k.i.DiagnosticsManager] LAST_TRANSACTION_CHECKSUM (Checksum of last committed transaction): 0
2016-03-10 17:28:15.864+0000 INFO  [o.n.k.i.DiagnosticsManager] UPGRADE_TRANSACTION_CHECKSUM (Checksum of transaction id the most recent upgrade was performed at): 0
2016-03-10 17:28:15.868+0000 INFO  [o.n.k.i.DiagnosticsManager] LAST_CLOSED_TRANSACTION_LOG_VERSION (Log version where the last transaction commit entry has been written into): 0
2016-03-10 17:28:15.871+0000 INFO  [o.n.k.i.DiagnosticsManager] LAST_CLOSED_TRANSACTION_LOG_BYTE_OFFSET (Byte offset in the log file where the last transaction commit entry has been written into): 16
2016-03-10 17:28:15.875+0000 INFO  [o.n.k.i.DiagnosticsManager] --- STARTED diagnostics for NEO_STORE_RECORDS END ---
2016-03-10 17:28:15.878+0000 INFO  [o.n.k.i.DiagnosticsManager] --- STARTED diagnostics for TRANSACTION_RANGE START ---
2016-03-10 17:28:15.882+0000 INFO  [o.n.k.i.DiagnosticsManager] Transaction log:
2016-03-10 17:28:15.888+0000 INFO  [o.n.k.i.DiagnosticsManager] Oldest transaction 2 found in log with version 0
2016-03-10 17:28:15.891+0000 INFO  [o.n.k.i.DiagnosticsManager] --- STARTED diagnostics for TRANSACTION_RANGE END ---
2016-03-10 17:28:15.895+0000 INFO  [o.n.k.i.DiagnosticsManager] --- STARTED diagnostics for KernelDiagnostics:StoreFiles START ---
2016-03-10 17:28:15.901+0000 INFO  [o.n.k.i.DiagnosticsManager] Disk space on partition (Total / Free / Free %): 955781644288 / 680477224960 / 71
Storage files: (filename : modification date - size)
2016-03-10 17:28:15.907+0000 INFO  [o.n.k.i.DiagnosticsManager]   dbms:
2016-03-10 17:28:15.911+0000 INFO  [o.n.k.i.DiagnosticsManager]     auth: 2016-03-10T17:04:08+0000 - 138.00 B
2016-03-10 17:28:15.915+0000 INFO  [o.n.k.i.DiagnosticsManager]     ssl:
2016-03-10 17:28:15.919+0000 INFO  [o.n.k.i.DiagnosticsManager]       snakeoil.cert: 2016-03-10T17:04:08+0000 - 640.00 B
2016-03-10 17:28:15.923+0000 INFO  [o.n.k.i.DiagnosticsManager]       snakeoil.key: 2016-03-10T17:04:08+0000 - 928.00 B
2016-03-10 17:28:15.927+0000 INFO  [o.n.k.i.DiagnosticsManager]     - Total: 2016-03-10T17:04:08+0000 - 1.53 kB
2016-03-10 17:28:15.933+0000 INFO  [o.n.k.i.DiagnosticsManager]   - Total: 2016-03-10T17:04:08+0000 - 1.67 kB
2016-03-10 17:28:15.936+0000 INFO  [o.n.k.i.DiagnosticsManager]   index:
2016-03-10 17:28:15.940+0000 INFO  [o.n.k.i.DiagnosticsManager]   - Total: 2016-03-10T17:28:13+0000 - 0.00 B
2016-03-10 17:28:15.944+0000 INFO  [o.n.k.i.DiagnosticsManager]   messages.log: 2016-03-10T17:28:14+0000 - 61.84 kB
2016-03-10 17:28:15.948+0000 INFO  [o.n.k.i.DiagnosticsManager]   neo4j.properties: 2016-03-10T17:04:08+0000 - 1.30 kB
2016-03-10 17:28:15.952+0000 INFO  [o.n.k.i.DiagnosticsManager]   neostore: 2016-03-10T17:04:08+0000 - 8.00 kB
2016-03-10 17:28:15.955+0000 INFO  [o.n.k.i.DiagnosticsManager]   neostore.counts.db.a: 2016-03-10T17:04:08+0000 - 96.00 B
2016-03-10 17:28:15.959+0000 INFO  [o.n.k.i.DiagnosticsManager]   neostore.id: 2016-03-10T17:28:12+0000 - 9.00 B
2016-03-10 17:28:15.963+0000 INFO  [o.n.k.i.DiagnosticsManager]   neostore.labeltokenstore.db: 2016-03-10T17:04:08+0000 - 0.00 B
2016-03-10 17:28:15.967+0000 INFO  [o.n.k.i.DiagnosticsManager]   neostore.labeltokenstore.db.id: 2016-03-10T17:28:12+0000 - 9.00 B
2016-03-10 17:28:15.971+0000 INFO  [o.n.k.i.DiagnosticsManager]   neostore.labeltokenstore.db.names: 2016-03-10T17:04:08+0000 - 8.00 kB
2016-03-10 17:28:15.975+0000 INFO  [o.n.k.i.DiagnosticsManager]   neostore.labeltokenstore.db.names.id: 2016-03-10T17:28:12+0000 - 9.00 B
2016-03-10 17:28:15.979+0000 INFO  [o.n.k.i.DiagnosticsManager]   neostore.nodestore.db: 2016-03-10T17:04:08+0000 - 0.00 B
2016-03-10 17:28:15.982+0000 INFO  [o.n.k.i.DiagnosticsManager]   neostore.nodestore.db.id: 2016-03-10T17:28:12+0000 - 9.00 B
2016-03-10 17:28:15.986+0000 INFO  [o.n.k.i.DiagnosticsManager]   neostore.nodestore.db.labels: 2016-03-10T17:04:08+0000 - 8.00 kB
2016-03-10 17:28:15.990+0000 INFO  [o.n.k.i.DiagnosticsManager]   neostore.nodestore.db.labels.id: 2016-03-10T17:28:12+0000 - 9.00 B
2016-03-10 17:28:15.994+0000 INFO  [o.n.k.i.DiagnosticsManager]   neostore.propertystore.db: 2016-03-10T17:04:08+0000 - 0.00 B
2016-03-10 17:28:15.998+0000 INFO  [o.n.k.i.DiagnosticsManager]   neostore.propertystore.db.arrays: 2016-03-10T17:04:08+0000 - 8.00 kB
2016-03-10 17:28:16.002+0000 INFO  [o.n.k.i.DiagnosticsManager]   neostore.propertystore.db.arrays.id: 2016-03-10T17:28:12+0000 - 9.00 B
2016-03-10 17:28:16.006+0000 INFO  [o.n.k.i.DiagnosticsManager]   neostore.propertystore.db.id: 2016-03-10T17:28:12+0000 - 9.00 B
2016-03-10 17:28:16.010+0000 INFO  [o.n.k.i.DiagnosticsManager]   neostore.propertystore.db.index: 2016-03-10T17:04:08+0000 - 0.00 B
2016-03-10 17:28:16.014+0000 INFO  [o.n.k.i.DiagnosticsManager]   neostore.propertystore.db.index.id: 2016-03-10T17:28:12+0000 - 9.00 B
2016-03-10 17:28:16.017+0000 INFO  [o.n.k.i.DiagnosticsManager]   neostore.propertystore.db.index.keys: 2016-03-10T17:04:08+0000 - 8.00 kB
2016-03-10 17:28:16.021+0000 INFO  [o.n.k.i.DiagnosticsManager]   neostore.propertystore.db.index.keys.id: 2016-03-10T17:28:12+0000 - 9.00 B
2016-03-10 17:28:16.025+0000 INFO  [o.n.k.i.DiagnosticsManager]   neostore.propertystore.db.strings: 2016-03-10T17:04:08+0000 - 8.00 kB
2016-03-10 17:28:16.029+0000 INFO  [o.n.k.i.DiagnosticsManager]   neostore.propertystore.db.strings.id: 2016-03-10T17:28:12+0000 - 9.00 B
2016-03-10 17:28:16.033+0000 INFO  [o.n.k.i.DiagnosticsManager]   neostore.relationshipgroupstore.db: 2016-03-10T17:04:08+0000 - 8.00 kB
2016-03-10 17:28:16.037+0000 INFO  [o.n.k.i.DiagnosticsManager]   neostore.relationshipgroupstore.db.id: 2016-03-10T17:28:12+0000 - 9.00 B
2016-03-10 17:28:16.041+0000 INFO  [o.n.k.i.DiagnosticsManager]   neostore.relationshipstore.db: 2016-03-10T17:04:08+0000 - 0.00 B
2016-03-10 17:28:16.044+0000 INFO  [o.n.k.i.DiagnosticsManager]   neostore.relationshipstore.db.id: 2016-03-10T17:28:12+0000 - 9.00 B
2016-03-10 17:28:16.048+0000 INFO  [o.n.k.i.DiagnosticsManager]   neostore.relationshiptypestore.db: 2016-03-10T17:04:08+0000 - 0.00 B
2016-03-10 17:28:16.052+0000 INFO  [o.n.k.i.DiagnosticsManager]   neostore.relationshiptypestore.db.id: 2016-03-10T17:28:12+0000 - 9.00 B
2016-03-10 17:28:16.056+0000 INFO  [o.n.k.i.DiagnosticsManager]   neostore.relationshiptypestore.db.names: 2016-03-10T17:04:08+0000 - 8.00 kB
2016-03-10 17:28:16.059+0000 INFO  [o.n.k.i.DiagnosticsManager]   neostore.relationshiptypestore.db.names.id: 2016-03-10T17:28:12+0000 - 9.00 B
2016-03-10 17:28:16.063+0000 INFO  [o.n.k.i.DiagnosticsManager]   neostore.schemastore.db: 2016-03-10T17:04:08+0000 - 8.00 kB
2016-03-10 17:28:16.067+0000 INFO  [o.n.k.i.DiagnosticsManager]   neostore.schemastore.db.id: 2016-03-10T17:28:12+0000 - 9.00 B
2016-03-10 17:28:16.071+0000 INFO  [o.n.k.i.DiagnosticsManager]   neostore.transaction.db.0: 2016-03-10T17:04:08+0000 - 34.00 B
2016-03-10 17:28:16.074+0000 INFO  [o.n.k.i.DiagnosticsManager]   schema:
2016-03-10 17:28:16.078+0000 INFO  [o.n.k.i.DiagnosticsManager]     label:
2016-03-10 17:28:16.082+0000 INFO  [o.n.k.i.DiagnosticsManager]       lucene:
2016-03-10 17:28:16.086+0000 INFO  [o.n.k.i.DiagnosticsManager]         segments.gen: 2016-03-10T17:04:08+0000 - 20.00 B
2016-03-10 17:28:16.090+0000 INFO  [o.n.k.i.DiagnosticsManager]         segments_1: 2016-03-10T17:04:08+0000 - 32.00 B
2016-03-10 17:28:16.094+0000 INFO  [o.n.k.i.DiagnosticsManager]         write.lock: 2016-03-10T17:28:13+0000 - 0.00 B
2016-03-10 17:28:16.097+0000 INFO  [o.n.k.i.DiagnosticsManager]       - Total: 2016-03-10T17:28:13+0000 - 52.00 B
2016-03-10 17:28:16.101+0000 INFO  [o.n.k.i.DiagnosticsManager]     - Total: 2016-03-10T17:04:08+0000 - 52.00 B
2016-03-10 17:28:16.105+0000 INFO  [o.n.k.i.DiagnosticsManager]   - Total: 2016-03-10T17:04:08+0000 - 52.00 B
2016-03-10 17:28:16.109+0000 INFO  [o.n.k.i.DiagnosticsManager]   store_lock: 2016-03-10T17:04:08+0000 - 0.00 B
2016-03-10 17:28:16.112+0000 INFO  [o.n.k.i.DiagnosticsManager] --- STARTED diagnostics for KernelDiagnostics:StoreFiles END ---
2016-03-10 17:28:18.649+0000 INFO  [o.n.k.i.DiagnosticsManager] --- SERVER STARTED START ---
2016-03-10 17:28:21.204+0000 INFO  [o.n.k.i.DiagnosticsManager] --- SERVER STARTED END ---
2016-03-10 17:38:13.390+0000 INFO  [o.n.k.i.t.l.c.CheckPointerImpl] Check Pointing triggered by scheduler for time threshold [6]:  Starting check pointing...
2016-03-10 17:38:13.393+0000 INFO  [o.n.k.i.t.l.c.CheckPointerImpl] Check Pointing triggered by scheduler for time threshold [6]:  Starting store flush...
2016-03-10 17:38:13.536+0000 INFO  [o.n.k.i.s.c.CountsTracker] About to rotate counts store at transaction 6 to [C:\Users\Yvonne\Documents\GitHub\GraphTheory\project-template\constituencies.graphdb\neostore.counts.db.b], from [C:\Users\Yvonne\Documents\GitHub\GraphTheory\project-template\constituencies.graphdb\neostore.counts.db.a].
2016-03-10 17:38:13.549+0000 INFO  [o.n.k.i.s.c.CountsTracker] Successfully rotated counts store at transaction 6 to [C:\Users\Yvonne\Documents\GitHub\GraphTheory\project-template\constituencies.graphdb\neostore.counts.db.b], from [C:\Users\Yvonne\Documents\GitHub\GraphTheory\project-template\constituencies.graphdb\neostore.counts.db.a].
2016-03-10 17:38:13.837+0000 INFO  [o.n.k.i.t.l.c.CheckPointerImpl] Check Pointing triggered by scheduler for time threshold [6]:  Store flush completed
2016-03-10 17:38:13.841+0000 INFO  [o.n.k.i.t.l.c.CheckPointerImpl] Check Pointing triggered by scheduler for time threshold [6]:  Starting appending check point entry into the tx log...
2016-03-10 17:38:13.873+0000 INFO  [o.n.k.i.t.l.c.CheckPointerImpl] Check Pointing triggered by scheduler for time threshold [6]:  Appending check point entry into the tx log completed
2016-03-10 17:38:13.877+0000 INFO  [o.n.k.i.t.l.c.CheckPointerImpl] Check Pointing triggered by scheduler for time threshold [6]:  Check pointing completed
2016-03-10 17:38:13.881+0000 INFO  [o.n.k.i.t.l.p.LogPruningImpl] Log Rotation [0]:  Starting log pruning.
2016-03-10 17:38:13.884+0000 INFO  [o.n.k.i.t.l.p.LogPruningImpl] Log Rotation [0]:  Log pruning complete.
2016-03-10 18:28:15.000+0000 WARN  [o.n.k.i.c.MonitorGc] GC Monitor: Application threads blocked for 521ms.
2016-03-10 19:28:15.523+0000 WARN  [o.n.k.i.c.MonitorGc] GC Monitor: Application threads blocked for 440ms.
2016-03-10 20:28:15.764+0000 WARN  [o.n.k.i.c.MonitorGc] GC Monitor: Application threads blocked for 212ms.
2016-03-10 21:39:25.035+0000 INFO  [o.n.k.i.t.l.c.CheckPointerImpl] Check Pointing triggered by scheduler for time threshold [11]:  Starting check pointing...
2016-03-10 21:39:25.043+0000 INFO  [o.n.k.i.t.l.c.CheckPointerImpl] Check Pointing triggered by scheduler for time threshold [11]:  Starting store flush...
2016-03-10 21:39:25.048+0000 INFO  [o.n.k.i.s.c.CountsTracker] About to rotate counts store at transaction 12 to [C:\Users\Yvonne\Documents\GitHub\GraphTheory\project-template\constituencies.graphdb\neostore.counts.db.a], from [C:\Users\Yvonne\Documents\GitHub\GraphTheory\project-template\constituencies.graphdb\neostore.counts.db.b].
2016-03-10 21:39:25.057+0000 INFO  [o.n.k.i.s.c.CountsTracker] Successfully rotated counts store at transaction 12 to [C:\Users\Yvonne\Documents\GitHub\GraphTheory\project-template\constituencies.graphdb\neostore.counts.db.a], from [C:\Users\Yvonne\Documents\GitHub\GraphTheory\project-template\constituencies.graphdb\neostore.counts.db.b].
2016-03-10 21:39:25.680+0000 INFO  [o.n.k.i.t.l.c.CheckPointerImpl] Check Pointing triggered by scheduler for time threshold [11]:  Store flush completed
2016-03-10 21:39:25.689+0000 INFO  [o.n.k.i.t.l.c.CheckPointerImpl] Check Pointing triggered by scheduler for time threshold [11]:  Starting appending check point entry into the tx log...
2016-03-10 21:39:25.740+0000 INFO  [o.n.k.i.t.l.c.CheckPointerImpl] Check Pointing triggered by scheduler for time threshold [11]:  Appending check point entry into the tx log completed
2016-03-10 21:39:25.744+0000 INFO  [o.n.k.i.t.l.c.CheckPointerImpl] Check Pointing triggered by scheduler for time threshold [11]:  Check pointing completed
2016-03-10 21:39:25.748+0000 INFO  [o.n.k.i.t.l.p.LogPruningImpl] Log Rotation [0]:  Starting log pruning.
2016-03-10 21:39:25.760+0000 INFO  [o.n.k.i.t.l.p.LogPruningImpl] Log Rotation [0]:  Log pruning complete.
2016-03-10 21:44:25.787+0000 INFO  [o.n.k.i.t.l.c.CheckPointerImpl] Check Pointing triggered by scheduler for time threshold [14]:  Starting check pointing...
2016-03-10 21:44:25.791+0000 INFO  [o.n.k.i.t.l.c.CheckPointerImpl] Check Pointing triggered by scheduler for time threshold [14]:  Starting store flush...
2016-03-10 21:44:25.856+0000 INFO  [o.n.k.i.s.c.CountsTracker] About to rotate counts store at transaction 14 to [C:\Users\Yvonne\Documents\GitHub\GraphTheory\project-template\constituencies.graphdb\neostore.counts.db.b], from [C:\Users\Yvonne\Documents\GitHub\GraphTheory\project-template\constituencies.graphdb\neostore.counts.db.a].
2016-03-10 21:44:25.867+0000 INFO  [o.n.k.i.s.c.CountsTracker] Successfully rotated counts store at transaction 14 to [C:\Users\Yvonne\Documents\GitHub\GraphTheory\project-template\constituencies.graphdb\neostore.counts.db.b], from [C:\Users\Yvonne\Documents\GitHub\GraphTheory\project-template\constituencies.graphdb\neostore.counts.db.a].
2016-03-10 21:44:26.005+0000 INFO  [o.n.k.i.t.l.c.CheckPointerImpl] Check Pointing triggered by scheduler for time threshold [14]:  Store flush completed
2016-03-10 21:44:26.009+0000 INFO  [o.n.k.i.t.l.c.CheckPointerImpl] Check Pointing triggered by scheduler for time threshold [14]:  Starting appending check point entry into the tx log...
2016-03-10 21:44:26.037+0000 INFO  [o.n.k.i.t.l.c.CheckPointerImpl] Check Pointing triggered by scheduler for time threshold [14]:  Appending check point entry into the tx log completed
2016-03-10 21:44:26.040+0000 INFO  [o.n.k.i.t.l.c.CheckPointerImpl] Check Pointing triggered by scheduler for time threshold [14]:  Check pointing completed
2016-03-10 21:44:26.044+0000 INFO  [o.n.k.i.t.l.p.LogPruningImpl] Log Rotation [0]:  Starting log pruning.
2016-03-10 21:44:26.047+0000 INFO  [o.n.k.i.t.l.p.LogPruningImpl] Log Rotation [0]:  Log pruning complete.
2016-03-10 21:49:26.068+0000 INFO  [o.n.k.i.t.l.c.CheckPointerImpl] Check Pointing triggered by scheduler for time threshold [16]:  Starting check pointing...
2016-03-10 21:49:26.073+0000 INFO  [o.n.k.i.t.l.c.CheckPointerImpl] Check Pointing triggered by scheduler for time threshold [16]:  Starting store flush...
2016-03-10 21:49:26.149+0000 INFO  [o.n.k.i.s.c.CountsTracker] About to rotate counts store at transaction 16 to [C:\Users\Yvonne\Documents\GitHub\GraphTheory\project-template\constituencies.graphdb\neostore.counts.db.a], from [C:\Users\Yvonne\Documents\GitHub\GraphTheory\project-template\constituencies.graphdb\neostore.counts.db.b].
2016-03-10 21:49:26.156+0000 INFO  [o.n.k.i.s.c.CountsTracker] Successfully rotated counts store at transaction 16 to [C:\Users\Yvonne\Documents\GitHub\GraphTheory\project-template\constituencies.graphdb\neostore.counts.db.a], from [C:\Users\Yvonne\Documents\GitHub\GraphTheory\project-template\constituencies.graphdb\neostore.counts.db.b].
2016-03-10 21:49:26.308+0000 INFO  [o.n.k.i.t.l.c.CheckPointerImpl] Check Pointing triggered by scheduler for time threshold [16]:  Store flush completed
2016-03-10 21:49:26.312+0000 INFO  [o.n.k.i.t.l.c.CheckPointerImpl] Check Pointing triggered by scheduler for time threshold [16]:  Starting appending check point entry into the tx log...
2016-03-10 21:49:26.339+0000 INFO  [o.n.k.i.t.l.c.CheckPointerImpl] Check Pointing triggered by scheduler for time threshold [16]:  Appending check point entry into the tx log completed
2016-03-10 21:49:26.343+0000 INFO  [o.n.k.i.t.l.c.CheckPointerImpl] Check Pointing triggered by scheduler for time threshold [16]:  Check pointing completed
2016-03-10 21:49:26.347+0000 INFO  [o.n.k.i.t.l.p.LogPruningImpl] Log Rotation [0]:  Starting log pruning.
2016-03-10 21:49:26.350+0000 INFO  [o.n.k.i.t.l.p.LogPruningImpl] Log Rotation [0]:  Log pruning complete.
2016-03-10 21:54:26.371+0000 INFO  [o.n.k.i.t.l.c.CheckPointerImpl] Check Pointing triggered by scheduler for time threshold [18]:  Starting check pointing...
2016-03-10 21:54:26.375+0000 INFO  [o.n.k.i.t.l.c.CheckPointerImpl] Check Pointing triggered by scheduler for time threshold [18]:  Starting store flush...
2016-03-10 21:54:26.441+0000 INFO  [o.n.k.i.s.c.CountsTracker] About to rotate counts store at transaction 18 to [C:\Users\Yvonne\Documents\GitHub\GraphTheory\project-template\constituencies.graphdb\neostore.counts.db.b], from [C:\Users\Yvonne\Documents\GitHub\GraphTheory\project-template\constituencies.graphdb\neostore.counts.db.a].
2016-03-10 21:54:26.447+0000 INFO  [o.n.k.i.s.c.CountsTracker] Successfully rotated counts store at transaction 18 to [C:\Users\Yvonne\Documents\GitHub\GraphTheory\project-template\constituencies.graphdb\neostore.counts.db.b], from [C:\Users\Yvonne\Documents\GitHub\GraphTheory\project-template\constituencies.graphdb\neostore.counts.db.a].
2016-03-10 21:54:26.534+0000 INFO  [o.n.k.i.t.l.c.CheckPointerImpl] Check Pointing triggered by scheduler for time threshold [18]:  Store flush completed
2016-03-10 21:54:26.538+0000 INFO  [o.n.k.i.t.l.c.CheckPointerImpl] Check Pointing triggered by scheduler for time threshold [18]:  Starting appending check point entry into the tx log...
2016-03-10 21:54:26.570+0000 INFO  [o.n.k.i.t.l.c.CheckPointerImpl] Check Pointing triggered by scheduler for time threshold [18]:  Appending check point entry into the tx log completed
2016-03-10 21:54:26.573+0000 INFO  [o.n.k.i.t.l.c.CheckPointerImpl] Check Pointing triggered by scheduler for time threshold [18]:  Check pointing completed
2016-03-10 21:54:26.577+0000 INFO  [o.n.k.i.t.l.p.LogPruningImpl] Log Rotation [0]:  Starting log pruning.
2016-03-10 21:54:26.581+0000 INFO  [o.n.k.i.t.l.p.LogPruningImpl] Log Rotation [0]:  Log pruning complete.
2016-03-10 21:56:48.437+0000 INFO  [o.n.c.i.ServerExecutionEngine] Discarded stale query from the query cache: CYPHER 2.3 MATCH (N) RETURN N
2016-03-10 21:56:48.442+0000 INFO  [o.n.c.i.CypherCompiler] Discarded stale query from the query cache: Query(None,SingleQuery(List(Match(false,Pattern(List(EveryPath(NodePattern(Some(Identifier(N)),List(),None,false)))),List(),None), Return(false,ReturnItems(false,List(AliasedReturnItem(Identifier(N),Identifier(N)))),None,None,None))))
2016-03-10 21:56:48.968+0000 INFO  [o.n.c.i.ServerExecutionEngine] Discarded stale query from the query cache: CYPHER 2.3 MATCH (N) RETURN N;
2016-03-10 21:59:26.602+0000 INFO  [o.n.k.i.t.l.c.CheckPointerImpl] Check Pointing triggered by scheduler for time threshold [21]:  Starting check pointing...
2016-03-10 21:59:26.607+0000 INFO  [o.n.k.i.t.l.c.CheckPointerImpl] Check Pointing triggered by scheduler for time threshold [21]:  Starting store flush...
2016-03-10 21:59:26.677+0000 INFO  [o.n.k.i.s.c.CountsTracker] About to rotate counts store at transaction 21 to [C:\Users\Yvonne\Documents\GitHub\GraphTheory\project-template\constituencies.graphdb\neostore.counts.db.a], from [C:\Users\Yvonne\Documents\GitHub\GraphTheory\project-template\constituencies.graphdb\neostore.counts.db.b].
2016-03-10 21:59:26.686+0000 INFO  [o.n.k.i.s.c.CountsTracker] Successfully rotated counts store at transaction 21 to [C:\Users\Yvonne\Documents\GitHub\GraphTheory\project-template\constituencies.graphdb\neostore.counts.db.a], from [C:\Users\Yvonne\Documents\GitHub\GraphTheory\project-template\constituencies.graphdb\neostore.counts.db.b].
2016-03-10 21:59:26.948+0000 INFO  [o.n.k.i.t.l.c.CheckPointerImpl] Check Pointing triggered by scheduler for time threshold [21]:  Store flush completed
2016-03-10 21:59:26.951+0000 INFO  [o.n.k.i.t.l.c.CheckPointerImpl] Check Pointing triggered by scheduler for time threshold [21]:  Starting appending check point entry into the tx log...
2016-03-10 21:59:26.985+0000 INFO  [o.n.k.i.t.l.c.CheckPointerImpl] Check Pointing triggered by scheduler for time threshold [21]:  Appending check point entry into the tx log completed
2016-03-10 21:59:26.989+0000 INFO  [o.n.k.i.t.l.c.CheckPointerImpl] Check Pointing triggered by scheduler for time threshold [21]:  Check pointing completed
2016-03-10 21:59:26.993+0000 INFO  [o.n.k.i.t.l.p.LogPruningImpl] Log Rotation [0]:  Starting log pruning.
2016-03-10 21:59:26.997+0000 INFO  [o.n.k.i.t.l.p.LogPruningImpl] Log Rotation [0]:  Log pruning complete.
2016-03-10 22:01:49.131+0000 INFO  [o.n.c.i.ServerExecutionEngine] Discarded stale query from the query cache: CYPHER 2.3 match (n) return n
2016-03-10 22:01:49.137+0000 INFO  [o.n.c.i.CypherCompiler] Discarded stale query from the query cache: Query(None,SingleQuery(List(Match(false,Pattern(List(EveryPath(NodePattern(Some(Identifier(n)),List(),None,false)))),List(),None), Return(false,ReturnItems(false,List(AliasedReturnItem(Identifier(n),Identifier(n)))),None,None,None))))
2016-03-10 22:01:49.393+0000 INFO  [o.n.c.i.ServerExecutionEngine] Discarded stale query from the query cache: CYPHER 2.3 match (n) return n;
2016-03-10 22:04:27.021+0000 INFO  [o.n.k.i.t.l.c.CheckPointerImpl] Check Pointing triggered by scheduler for time threshold [22]:  Starting check pointing...
2016-03-10 22:04:27.027+0000 INFO  [o.n.k.i.t.l.c.CheckPointerImpl] Check Pointing triggered by scheduler for time threshold [22]:  Starting store flush...
2016-03-10 22:04:27.101+0000 INFO  [o.n.k.i.s.c.CountsTracker] About to rotate counts store at transaction 22 to [C:\Users\Yvonne\Documents\GitHub\GraphTheory\project-template\constituencies.graphdb\neostore.counts.db.b], from [C:\Users\Yvonne\Documents\GitHub\GraphTheory\project-template\constituencies.graphdb\neostore.counts.db.a].
2016-03-10 22:04:27.107+0000 INFO  [o.n.k.i.s.c.CountsTracker] Successfully rotated counts store at transaction 22 to [C:\Users\Yvonne\Documents\GitHub\GraphTheory\project-template\constituencies.graphdb\neostore.counts.db.b], from [C:\Users\Yvonne\Documents\GitHub\GraphTheory\project-template\constituencies.graphdb\neostore.counts.db.a].
2016-03-10 22:04:27.208+0000 INFO  [o.n.k.i.t.l.c.CheckPointerImpl] Check Pointing triggered by scheduler for time threshold [22]:  Store flush completed
2016-03-10 22:04:27.211+0000 INFO  [o.n.k.i.t.l.c.CheckPointerImpl] Check Pointing triggered by scheduler for time threshold [22]:  Starting appending check point entry into the tx log...
2016-03-10 22:04:27.244+0000 INFO  [o.n.k.i.t.l.c.CheckPointerImpl] Check Pointing triggered by scheduler for time threshold [22]:  Appending check point entry into the tx log completed
2016-03-10 22:04:27.248+0000 INFO  [o.n.k.i.t.l.c.CheckPointerImpl] Check Pointing triggered by scheduler for time threshold [22]:  Check pointing completed
2016-03-10 22:04:27.251+0000 INFO  [o.n.k.i.t.l.p.LogPruningImpl] Log Rotation [0]:  Starting log pruning.
2016-03-10 22:04:27.255+0000 INFO  [o.n.k.i.t.l.p.LogPruningImpl] Log Rotation [0]:  Log pruning complete.
2016-03-10 22:06:17.237+0000 INFO  [o.n.k.i.f.GraphDatabaseFacade] Shutdown started
2016-03-10 22:06:17.241+0000 INFO  [o.n.k.i.f.CommunityFacadeFactory] Database is now unavailable
2016-03-10 22:06:17.262+0000 INFO  [o.n.k.i.t.l.c.CheckPointerImpl] Check Pointing triggered by database shutdown [22]:  Starting check pointing...
2016-03-10 22:06:17.266+0000 INFO  [o.n.k.i.t.l.c.CheckPointerImpl] Check Pointing triggered by database shutdown [22]:  Starting store flush...
2016-03-10 22:06:17.284+0000 INFO  [o.n.k.i.t.l.c.CheckPointerImpl] Check Pointing triggered by database shutdown [22]:  Store flush completed
2016-03-10 22:06:17.288+0000 INFO  [o.n.k.i.t.l.c.CheckPointerImpl] Check Pointing triggered by database shutdown [22]:  Starting appending check point entry into the tx log...
2016-03-10 22:06:17.319+0000 INFO  [o.n.k.i.t.l.c.CheckPointerImpl] Check Pointing triggered by database shutdown [22]:  Appending check point entry into the tx log completed
2016-03-10 22:06:17.322+0000 INFO  [o.n.k.i.t.l.c.CheckPointerImpl] Check Pointing triggered by database shutdown [22]:  Check pointing completed
2016-03-10 22:06:17.326+0000 INFO  [o.n.k.i.t.l.p.LogPruningImpl] Log Rotation [0]:  Starting log pruning.
2016-03-10 22:06:17.329+0000 INFO  [o.n.k.i.t.l.p.LogPruningImpl] Log Rotation [0]:  Log pruning complete.
2016-03-10 22:06:18.878+0000 INFO  [o.n.k.NeoStoreDataSource] NeoStores closed
2016-03-10 22:06:18.885+0000 INFO  [o.n.k.i.DiagnosticsManager] --- STOPPING diagnostics START ---
2016-03-10 22:06:18.885+0000 INFO  [o.n.k.i.DiagnosticsManager] --- STOPPING diagnostics END ---
